::1 - - [05/Nov/2020:02:35:23 +0300] "GET /index.php HTTP/1.1" 200 69129
::1 - - [05/Nov/2020:02:35:25 +0300] "GET /favicon.ico HTTP/1.1" 404 196
::1 - - [05/Nov/2020:02:39:13 +0300] "GET /index.php HTTP/1.1" 200 430
::1 - - [05/Nov/2020:02:39:27 +0300] "POST /display.php HTTP/1.1" 200 194
::1 - - [05/Nov/2020:03:01:30 +0300] "GET /favicon.ico HTTP/1.1" 404 196
::1 - - [05/Nov/2020:13:02:07 +0300] "GET / HTTP/1.1" 200 430
::1 - - [05/Nov/2020:13:02:53 +0300] "GET / HTTP/1.1" 200 487
::1 - - [05/Nov/2020:13:03:13 +0300] "GET / HTTP/1.1" 200 500
::1 - - [05/Nov/2020:13:10:15 +0300] "GET / HTTP/1.1" 200 463
::1 - - [05/Nov/2020:13:10:28 +0300] "GET / HTTP/1.1" 200 463
::1 - - [05/Nov/2020:13:10:33 +0300] "GET / HTTP/1.1" 200 463
::1 - - [05/Nov/2020:13:10:40 +0300] "GET / HTTP/1.1" 200 463
::1 - - [05/Nov/2020:13:10:47 +0300] "GET / HTTP/1.1" 200 463
::1 - - [05/Nov/2020:13:10:56 +0300] "GET / HTTP/1.1" 200 463
::1 - - [05/Nov/2020:13:11:05 +0300] "GET / HTTP/1.1" 200 462
::1 - - [05/Nov/2020:13:11:17 +0300] "GET / HTTP/1.1" 200 462
::1 - - [05/Nov/2020:13:11:22 +0300] "GET / HTTP/1.1" 200 462
::1 - - [05/Nov/2020:13:13:08 +0300] "GET / HTTP/1.1" 200 482
::1 - - [05/Nov/2020:13:14:15 +0300] "GET / HTTP/1.1" 200 491
::1 - - [05/Nov/2020:13:15:10 +0300] "GET / HTTP/1.1" 200 457
::1 - - [05/Nov/2020:13:16:07 +0300] "GET / HTTP/1.1" 200 480
::1 - - [05/Nov/2020:13:16:42 +0300] "GET / HTTP/1.1" 200 485
::1 - - [05/Nov/2020:13:18:13 +0300] "GET / HTTP/1.1" 200 463
::1 - - [05/Nov/2020:13:18:19 +0300] "GET / HTTP/1.1" 200 543
::1 - - [05/Nov/2020:13:18:29 +0300] "GET / HTTP/1.1" 200 449
::1 - - [05/Nov/2020:13:18:36 +0300] "GET / HTTP/1.1" 200 457
::1 - - [05/Nov/2020:14:13:14 +0300] "GET / HTTP/1.1" 200 445
::1 - - [05/Nov/2020:14:14:11 +0300] "GET / HTTP/1.1" 200 624
::1 - - [05/Nov/2020:14:14:25 +0300] "GET / HTTP/1.1" 200 447
::1 - - [05/Nov/2020:14:14:39 +0300] "GET / HTTP/1.1" 200 117
::1 - - [05/Nov/2020:14:14:47 +0300] "GET / HTTP/1.1" 200 456
::1 - - [05/Nov/2020:14:15:12 +0300] "GET / HTTP/1.1" 200 451
::1 - - [05/Nov/2020:14:17:57 +0300] "GET / HTTP/1.1" 200 477
::1 - - [05/Nov/2020:14:18:24 +0300] "GET / HTTP/1.1" 200 479
::1 - - [05/Nov/2020:14:18:40 +0300] "GET / HTTP/1.1" 200 483
::1 - - [05/Nov/2020:14:19:05 +0300] "GET / HTTP/1.1" 200 503
::1 - - [05/Nov/2020:14:19:19 +0300] "GET / HTTP/1.1" 200 507
::1 - - [05/Nov/2020:14:19:22 +0300] "GET / HTTP/1.1" 200 507
::1 - - [05/Nov/2020:14:19:31 +0300] "GET / HTTP/1.1" 200 507
::1 - - [05/Nov/2020:14:19:51 +0300] "GET / HTTP/1.1" 200 511
::1 - - [05/Nov/2020:14:20:16 +0300] "GET / HTTP/1.1" 200 515
::1 - - [05/Nov/2020:14:20:31 +0300] "GET / HTTP/1.1" 200 519
::1 - - [05/Nov/2020:14:20:33 +0300] "GET / HTTP/1.1" 200 519
::1 - - [05/Nov/2020:14:20:52 +0300] "GET / HTTP/1.1" 200 491
::1 - - [05/Nov/2020:14:21:21 +0300] "GET / HTTP/1.1" 200 542
::1 - - [05/Nov/2020:14:24:13 +0300] "GET / HTTP/1.1" 200 554
::1 - - [05/Nov/2020:14:24:36 +0300] "GET / HTTP/1.1" 200 558
::1 - - [05/Nov/2020:14:26:02 +0300] "GET / HTTP/1.1" 200 131
::1 - - [05/Nov/2020:14:26:39 +0300] "GET / HTTP/1.1" 200 131
::1 - - [05/Nov/2020:14:26:53 +0300] "GET / HTTP/1.1" 200 592
::1 - - [05/Nov/2020:14:27:16 +0300] "GET / HTTP/1.1" 200 600
::1 - - [05/Nov/2020:15:11:57 +0300] "GET / HTTP/1.1" 200 602
::1 - - [05/Nov/2020:15:12:23 +0300] "GET / HTTP/1.1" 200 601
::1 - - [05/Nov/2020:15:12:36 +0300] "GET / HTTP/1.1" 200 600
::1 - - [05/Nov/2020:15:12:43 +0300] "GET / HTTP/1.1" 200 600
::1 - - [05/Nov/2020:15:12:55 +0300] "GET / HTTP/1.1" 200 601
::1 - - [05/Nov/2020:21:55:11 +0300] "GET / HTTP/1.1" 200 601
::1 - - [05/Nov/2020:21:55:12 +0300] "GET /favicon.ico HTTP/1.1" 404 196
::1 - - [05/Nov/2020:23:42:47 +0300] "GET / HTTP/1.1" 200 688
::1 - - [05/Nov/2020:23:43:23 +0300] "GET / HTTP/1.1" 200 692
::1 - - [05/Nov/2020:23:52:53 +0300] "GET / HTTP/1.1" 200 136
::1 - - [05/Nov/2020:23:53:23 +0300] "GET / HTTP/1.1" 200 697
::1 - - [05/Nov/2020:23:53:43 +0300] "GET / HTTP/1.1" 200 701
::1 - - [05/Nov/2020:23:53:52 +0300] "GET / HTTP/1.1" 200 705
::1 - - [05/Nov/2020:23:54:05 +0300] "GET / HTTP/1.1" 200 709
::1 - - [05/Nov/2020:23:55:06 +0300] "GET / HTTP/1.1" 200 726
::1 - - [05/Nov/2020:23:55:26 +0300] "GET / HTTP/1.1" 200 726
::1 - - [05/Nov/2020:23:55:28 +0300] "GET / HTTP/1.1" 200 730
127.0.0.1 - - [06/Nov/2020:10:52:29 +0300] "GET / HTTP/1.1" 200 730
127.0.0.1 - - [06/Nov/2020:10:52:30 +0300] "GET /favicon.ico HTTP/1.1" 404 196
127.0.0.1 - - [06/Nov/2020:10:52:41 +0300] "POST /display.php HTTP/1.1" 200 162
::1 - - [06/Nov/2020:23:11:55 +0300] "GET / HTTP/1.1" 200 765
::1 - - [06/Nov/2020:23:12:11 +0300] "GET / HTTP/1.1" 200 117
::1 - - [06/Nov/2020:23:12:23 +0300] "GET / HTTP/1.1" 200 769
::1 - - [06/Nov/2020:23:12:34 +0300] "GET / HTTP/1.1" 200 773
::1 - - [06/Nov/2020:23:23:19 +0300] "GET / HTTP/1.1" 200 129
::1 - - [06/Nov/2020:23:23:34 +0300] "GET / HTTP/1.1" 200 136
::1 - - [06/Nov/2020:23:23:46 +0300] "GET / HTTP/1.1" 200 136
::1 - - [06/Nov/2020:23:23:59 +0300] "GET / HTTP/1.1" 200 783
::1 - - [06/Nov/2020:23:24:08 +0300] "GET / HTTP/1.1" 200 129
::1 - - [06/Nov/2020:23:24:24 +0300] "GET / HTTP/1.1" 200 783
::1 - - [06/Nov/2020:23:24:32 +0300] "GET / HTTP/1.1" 200 783
::1 - - [06/Nov/2020:23:24:50 +0300] "GET / HTTP/1.1" 200 783
::1 - - [06/Nov/2020:23:24:55 +0300] "GET / HTTP/1.1" 200 785
::1 - - [06/Nov/2020:23:28:36 +0300] "GET / HTTP/1.1" 200 844
::1 - - [06/Nov/2020:23:30:18 +0300] "GET / HTTP/1.1" 200 851
::1 - - [06/Nov/2020:23:30:53 +0300] "GET / HTTP/1.1" 200 852
::1 - - [06/Nov/2020:23:31:18 +0300] "GET / HTTP/1.1" 200 850
::1 - - [06/Nov/2020:23:33:44 +0300] "GET / HTTP/1.1" 200 114
::1 - - [06/Nov/2020:23:33:58 +0300] "GET / HTTP/1.1" 200 119
::1 - - [06/Nov/2020:23:34:16 +0300] "GET / HTTP/1.1" 200 119
::1 - - [06/Nov/2020:23:34:33 +0300] "GET / HTTP/1.1" 200 859
::1 - - [06/Nov/2020:23:34:51 +0300] "GET / HTTP/1.1" 200 865
::1 - - [06/Nov/2020:23:34:58 +0300] "GET / HTTP/1.1" 200 971
::1 - - [06/Nov/2020:23:35:14 +0300] "GET / HTTP/1.1" 200 856
::1 - - [06/Nov/2020:23:47:18 +0300] "GET / HTTP/1.1" 200 155
::1 - - [06/Nov/2020:23:47:28 +0300] "GET / HTTP/1.1" 200 864
::1 - - [06/Nov/2020:23:51:04 +0300] "GET / HTTP/1.1" 200 874
::1 - - [06/Nov/2020:23:51:18 +0300] "GET / HTTP/1.1" 200 862
::1 - - [06/Nov/2020:23:51:49 +0300] "GET / HTTP/1.1" 200 868
::1 - - [06/Nov/2020:23:52:05 +0300] "GET / HTTP/1.1" 200 865
::1 - - [06/Nov/2020:23:52:18 +0300] "GET / HTTP/1.1" 200 868
::1 - - [06/Nov/2020:23:52:39 +0300] "GET / HTTP/1.1" 200 869
::1 - - [06/Nov/2020:23:56:04 +0300] "GET / HTTP/1.1" 200 874
::1 - - [06/Nov/2020:23:56:15 +0300] "GET / HTTP/1.1" 200 875
::1 - - [06/Nov/2020:23:56:21 +0300] "GET / HTTP/1.1" 200 879
::1 - - [07/Nov/2020:00:01:04 +0300] "GET / HTTP/1.1" 200 134
::1 - - [07/Nov/2020:00:01:18 +0300] "GET / HTTP/1.1" 200 990
::1 - - [07/Nov/2020:00:02:34 +0300] "GET / HTTP/1.1" 200 990
::1 - - [07/Nov/2020:00:03:05 +0300] "GET / HTTP/1.1" 200 989
::1 - - [07/Nov/2020:00:03:15 +0300] "GET / HTTP/1.1" 200 984
::1 - - [07/Nov/2020:00:04:03 +0300] "GET / HTTP/1.1" 200 164
::1 - - [07/Nov/2020:00:04:15 +0300] "GET / HTTP/1.1" 200 988
::1 - - [07/Nov/2020:00:04:26 +0300] "GET / HTTP/1.1" 200 990
::1 - - [07/Nov/2020:00:04:38 +0300] "GET / HTTP/1.1" 200 987
::1 - - [07/Nov/2020:00:04:43 +0300] "GET / HTTP/1.1" 200 984
::1 - - [07/Nov/2020:00:05:10 +0300] "GET / HTTP/1.1" 200 985
::1 - - [07/Nov/2020:00:05:24 +0300] "GET / HTTP/1.1" 200 985
::1 - - [07/Nov/2020:00:05:26 +0300] "GET / HTTP/1.1" 200 985
::1 - - [07/Nov/2020:00:05:33 +0300] "GET / HTTP/1.1" 200 985
::1 - - [07/Nov/2020:00:05:41 +0300] "GET / HTTP/1.1" 200 985
::1 - - [07/Nov/2020:00:05:49 +0300] "GET / HTTP/1.1" 200 879
::1 - - [07/Nov/2020:00:06:03 +0300] "GET / HTTP/1.1" 200 1081
::1 - - [07/Nov/2020:00:06:35 +0300] "GET / HTTP/1.1" 200 888
::1 - - [07/Nov/2020:00:06:41 +0300] "GET / HTTP/1.1" 200 889
::1 - - [07/Nov/2020:00:07:12 +0300] "GET / HTTP/1.1" 200 891
::1 - - [07/Nov/2020:00:07:26 +0300] "GET / HTTP/1.1" 200 893
::1 - - [07/Nov/2020:00:07:44 +0300] "GET / HTTP/1.1" 200 136
::1 - - [07/Nov/2020:00:08:13 +0300] "GET / HTTP/1.1" 200 885
::1 - - [07/Nov/2020:00:08:30 +0300] "GET / HTTP/1.1" 200 890
::1 - - [07/Nov/2020:00:08:46 +0300] "GET / HTTP/1.1" 200 900
::1 - - [07/Nov/2020:00:08:55 +0300] "GET / HTTP/1.1" 200 901
::1 - - [07/Nov/2020:00:19:33 +0300] "GET / HTTP/1.1" 200 947
::1 - - [07/Nov/2020:00:19:46 +0300] "GET / HTTP/1.1" 200 953
::1 - - [07/Nov/2020:00:20:09 +0300] "GET / HTTP/1.1" 200 953
::1 - - [07/Nov/2020:00:20:40 +0300] "GET / HTTP/1.1" 200 958
::1 - - [07/Nov/2020:00:21:39 +0300] "GET / HTTP/1.1" 200 753
::1 - - [07/Nov/2020:00:23:50 +0300] "GET / HTTP/1.1" 200 953
::1 - - [07/Nov/2020:00:23:59 +0300] "GET / HTTP/1.1" 200 753
::1 - - [07/Nov/2020:00:24:10 +0300] "GET / HTTP/1.1" 200 958
::1 - - [07/Nov/2020:00:24:28 +0300] "GET / HTTP/1.1" 200 953
::1 - - [07/Nov/2020:16:55:26 +0300] "GET / HTTP/1.1" 200 978
::1 - - [07/Nov/2020:16:55:38 +0300] "GET / HTTP/1.1" 200 983
::1 - - [07/Nov/2020:19:36:53 +0300] "GET / HTTP/1.1" 200 142
::1 - - [07/Nov/2020:19:37:23 +0300] "GET / HTTP/1.1" 200 1294
::1 - - [07/Nov/2020:19:42:04 +0300] "GET / HTTP/1.1" 200 136
::1 - - [07/Nov/2020:19:42:10 +0300] "GET / HTTP/1.1" 200 1068
::1 - - [07/Nov/2020:19:42:54 +0300] "GET / HTTP/1.1" 200 133
::1 - - [07/Nov/2020:19:43:11 +0300] "GET / HTTP/1.1" 200 1187
::1 - - [07/Nov/2020:19:44:15 +0300] "GET / HTTP/1.1" 200 1188
::1 - - [07/Nov/2020:19:44:30 +0300] "GET / HTTP/1.1" 200 1188
::1 - - [07/Nov/2020:19:44:37 +0300] "GET / HTTP/1.1" 200 1188
::1 - - [07/Nov/2020:19:45:39 +0300] "GET / HTTP/1.1" 200 1284
::1 - - [07/Nov/2020:19:45:49 +0300] "GET / HTTP/1.1" 200 1188
::1 - - [07/Nov/2020:19:46:01 +0300] "GET / HTTP/1.1" 200 1284
::1 - - [07/Nov/2020:19:46:25 +0300] "GET / HTTP/1.1" 200 1107
::1 - - [07/Nov/2020:19:46:42 +0300] "GET / HTTP/1.1" 200 1188
::1 - - [07/Nov/2020:19:47:29 +0300] "GET / HTTP/1.1" 200 1209
::1 - - [07/Nov/2020:19:48:08 +0300] "GET / HTTP/1.1" 200 1214
::1 - - [07/Nov/2020:19:49:01 +0300] "GET / HTTP/1.1" 200 1191
::1 - - [07/Nov/2020:19:49:18 +0300] "GET / HTTP/1.1" 200 1274
::1 - - [07/Nov/2020:19:49:45 +0300] "GET / HTTP/1.1" 200 1191
::1 - - [07/Nov/2020:19:49:59 +0300] "GET / HTTP/1.1" 200 131
::1 - - [07/Nov/2020:19:50:14 +0300] "GET / HTTP/1.1" 200 1196
::1 - - [07/Nov/2020:19:50:35 +0300] "GET / HTTP/1.1" 200 1196
::1 - - [07/Nov/2020:19:50:36 +0300] "GET / HTTP/1.1" 200 1202
::1 - - [07/Nov/2020:19:50:45 +0300] "GET / HTTP/1.1" 200 1207
::1 - - [07/Nov/2020:20:15:25 +0300] "GET / HTTP/1.1" 200 1024
::1 - - [07/Nov/2020:20:15:46 +0300] "GET / HTTP/1.1" 200 164
::1 - - [07/Nov/2020:20:15:51 +0300] "GET / HTTP/1.1" 200 164
::1 - - [07/Nov/2020:20:15:53 +0300] "GET / HTTP/1.1" 200 1029
::1 - - [07/Nov/2020:20:16:06 +0300] "GET / HTTP/1.1" 200 1039
::1 - - [07/Nov/2020:20:17:29 +0300] "GET / HTTP/1.1" 200 1416
::1 - - [07/Nov/2020:20:17:44 +0300] "GET / HTTP/1.1" 200 1039
::1 - - [07/Nov/2020:20:18:19 +0300] "GET / HTTP/1.1" 200 1076
::1 - - [07/Nov/2020:20:20:08 +0300] "GET / HTTP/1.1" 200 150
::1 - - [07/Nov/2020:20:20:17 +0300] "GET / HTTP/1.1" 200 150
::1 - - [07/Nov/2020:20:20:38 +0300] "GET / HTTP/1.1" 200 1357
::1 - - [07/Nov/2020:20:21:43 +0300] "GET / HTTP/1.1" 200 1357
::1 - - [07/Nov/2020:20:21:44 +0300] "GET / HTTP/1.1" 200 1357
::1 - - [07/Nov/2020:20:21:52 +0300] "GET / HTTP/1.1" 200 1357
::1 - - [07/Nov/2020:20:21:54 +0300] "GET / HTTP/1.1" 200 1357
::1 - - [07/Nov/2020:20:22:04 +0300] "GET / HTTP/1.1" 200 1081
::1 - - [07/Nov/2020:20:29:06 +0300] "GET / HTTP/1.1" 200 1393
::1 - - [07/Nov/2020:20:29:15 +0300] "GET / HTTP/1.1" 200 127
::1 - - [07/Nov/2020:20:29:21 +0300] "GET / HTTP/1.1" 200 127
::1 - - [07/Nov/2020:20:29:23 +0300] "GET / HTTP/1.1" 200 1393
::1 - - [07/Nov/2020:20:29:28 +0300] "GET / HTTP/1.1" 200 174
::1 - - [07/Nov/2020:20:29:50 +0300] "GET / HTTP/1.1" 200 1393
::1 - - [07/Nov/2020:20:29:59 +0300] "GET / HTTP/1.1" 200 127
::1 - - [07/Nov/2020:20:30:09 +0300] "GET / HTTP/1.1" 200 1393
::1 - - [07/Nov/2020:20:37:11 +0300] "GET / HTTP/1.1" 200 1636
::1 - - [07/Nov/2020:20:39:29 +0300] "GET / HTTP/1.1" 200 1652
::1 - - [07/Nov/2020:20:40:04 +0300] "GET / HTTP/1.1" 200 1661
::1 - - [08/Nov/2020:17:33:39 +0300] "GET / HTTP/1.1" 200 1553
::1 - - [08/Nov/2020:17:33:41 +0300] "GET /favicon.ico HTTP/1.1" 404 196
::1 - - [08/Nov/2020:17:33:54 +0300] "GET / HTTP/1.1" 200 1661
::1 - - [08/Nov/2020:17:34:13 +0300] "GET / HTTP/1.1" 200 1666
::1 - - [08/Nov/2020:17:34:50 +0300] "GET / HTTP/1.1" 200 1788
::1 - - [08/Nov/2020:17:34:57 +0300] "GET / HTTP/1.1" 200 1773
::1 - - [08/Nov/2020:17:35:06 +0300] "GET / HTTP/1.1" 200 1788
::1 - - [08/Nov/2020:17:35:48 +0300] "GET / HTTP/1.1" 200 1931
::1 - - [08/Nov/2020:17:36:23 +0300] "GET / HTTP/1.1" 200 1817
::1 - - [08/Nov/2020:17:37:08 +0300] "GET / HTTP/1.1" 200 131
::1 - - [08/Nov/2020:17:37:19 +0300] "GET / HTTP/1.1" 200 1817
::1 - - [08/Nov/2020:17:38:39 +0300] "GET / HTTP/1.1" 200 1864
::1 - - [08/Nov/2020:17:39:21 +0300] "GET / HTTP/1.1" 200 1912
::1 - - [08/Nov/2020:17:41:04 +0300] "GET / HTTP/1.1" 200 2037
::1 - - [08/Nov/2020:17:41:19 +0300] "GET / HTTP/1.1" 200 2047
::1 - - [08/Nov/2020:17:41:55 +0300] "GET / HTTP/1.1" 200 2047
::1 - - [08/Nov/2020:17:41:56 +0300] "GET / HTTP/1.1" 200 2047
::1 - - [08/Nov/2020:17:41:58 +0300] "GET / HTTP/1.1" 200 2047
::1 - - [08/Nov/2020:17:41:58 +0300] "GET / HTTP/1.1" 200 2047
::1 - - [08/Nov/2020:17:41:59 +0300] "GET / HTTP/1.1" 200 2047
::1 - - [08/Nov/2020:17:42:00 +0300] "GET / HTTP/1.1" 200 2047
::1 - - [08/Nov/2020:17:42:01 +0300] "GET / HTTP/1.1" 200 2047
::1 - - [08/Nov/2020:17:42:02 +0300] "GET / HTTP/1.1" 200 2047
::1 - - [08/Nov/2020:17:42:03 +0300] "GET / HTTP/1.1" 200 2047
::1 - - [08/Nov/2020:17:45:23 +0300] "GET / HTTP/1.1" 200 2221
::1 - - [08/Nov/2020:17:45:57 +0300] "GET / HTTP/1.1" 200 2124
::1 - - [08/Nov/2020:17:46:24 +0300] "GET / HTTP/1.1" 200 153
::1 - - [08/Nov/2020:17:46:33 +0300] "GET / HTTP/1.1" 200 2129
::1 - - [08/Nov/2020:17:47:39 +0300] "GET / HTTP/1.1" 200 2129
::1 - - [08/Nov/2020:17:48:37 +0300] "GET / HTTP/1.1" 200 2157
::1 - - [08/Nov/2020:17:49:43 +0300] "GET / HTTP/1.1" 200 2348
::1 - - [08/Nov/2020:17:50:28 +0300] "GET / HTTP/1.1" 200 2281
::1 - - [08/Nov/2020:17:50:55 +0300] "GET / HTTP/1.1" 200 2129
::1 - - [08/Nov/2020:17:51:03 +0300] "GET / HTTP/1.1" 200 2134
::1 - - [08/Nov/2020:17:54:13 +0300] "GET / HTTP/1.1" 200 177
::1 - - [08/Nov/2020:17:56:21 +0300] "GET / HTTP/1.1" 200 176
::1 - - [08/Nov/2020:17:57:08 +0300] "GET / HTTP/1.1" 200 126
::1 - - [08/Nov/2020:17:57:36 +0300] "GET / HTTP/1.1" 200 2144
::1 - - [08/Nov/2020:17:57:58 +0300] "GET / HTTP/1.1" 200 126
::1 - - [08/Nov/2020:17:58:16 +0300] "GET / HTTP/1.1" 200 176
::1 - - [08/Nov/2020:17:58:31 +0300] "GET / HTTP/1.1" 200 176
::1 - - [08/Nov/2020:17:58:44 +0300] "GET / HTTP/1.1" 200 126
::1 - - [08/Nov/2020:17:59:05 +0300] "GET / HTTP/1.1" 200 126
::1 - - [08/Nov/2020:17:59:15 +0300] "GET / HTTP/1.1" 200 2144
::1 - - [08/Nov/2020:17:59:24 +0300] "GET / HTTP/1.1" 200 2147
::1 - - [08/Nov/2020:19:49:46 +0300] "GET / HTTP/1.1" 200 2262
::1 - - [08/Nov/2020:19:50:42 +0300] "GET / HTTP/1.1" 200 2262
::1 - - [08/Nov/2020:19:50:58 +0300] "GET / HTTP/1.1" 200 2262
::1 - - [08/Nov/2020:19:51:02 +0300] "GET / HTTP/1.1" 200 2262
::1 - - [08/Nov/2020:19:52:40 +0300] "GET / HTTP/1.1" 200 2371
::1 - - [08/Nov/2020:19:53:16 +0300] "GET / HTTP/1.1" 200 2371
::1 - - [08/Nov/2020:19:55:10 +0300] "GET / HTTP/1.1" 200 2371
::1 - - [08/Nov/2020:19:58:09 +0300] "GET / HTTP/1.1" 200 2259
::1 - - [08/Nov/2020:19:58:45 +0300] "GET / HTTP/1.1" 200 2377
::1 - - [08/Nov/2020:19:58:57 +0300] "GET / HTTP/1.1" 200 2377
::1 - - [08/Nov/2020:19:58:58 +0300] "GET / HTTP/1.1" 200 2377
::1 - - [08/Nov/2020:19:59:08 +0300] "GET / HTTP/1.1" 200 2377
::1 - - [08/Nov/2020:19:59:17 +0300] "GET / HTTP/1.1" 200 2379
::1 - - [08/Nov/2020:19:59:24 +0300] "GET / HTTP/1.1" 200 2381
::1 - - [08/Nov/2020:19:59:37 +0300] "GET / HTTP/1.1" 200 2389
::1 - - [08/Nov/2020:20:03:43 +0300] "GET / HTTP/1.1" 200 2463
::1 - - [08/Nov/2020:20:04:07 +0300] "GET / HTTP/1.1" 200 156
::1 - - [08/Nov/2020:20:04:11 +0300] "GET / HTTP/1.1" 200 156
::1 - - [08/Nov/2020:20:04:23 +0300] "GET / HTTP/1.1" 200 2468
::1 - - [08/Nov/2020:20:04:44 +0300] "GET / HTTP/1.1" 200 2468
::1 - - [08/Nov/2020:20:05:43 +0300] "GET / HTTP/1.1" 200 2468
::1 - - [08/Nov/2020:20:38:50 +0300] "GET / HTTP/1.1" 200 139
::1 - - [08/Nov/2020:20:38:56 +0300] "GET /form.php HTTP/1.1" 200 451
::1 - - [08/Nov/2020:20:40:27 +0300] "GET / HTTP/1.1" 200 253
::1 - - [08/Nov/2020:20:40:29 +0300] "GET /form.php HTTP/1.1" 200 451
::1 - - [08/Nov/2020:20:43:57 +0300] "GET /form.php HTTP/1.1" 200 451
::1 - - [08/Nov/2020:20:44:06 +0300] "POST /login.php HTTP/1.1" 200 54
::1 - - [08/Nov/2020:20:45:43 +0300] "GET /login.php HTTP/1.1" 200 88
::1 - - [08/Nov/2020:20:50:26 +0300] "POST /login.php HTTP/1.1" 200 61
::1 - - [08/Nov/2020:20:51:00 +0300] "POST /login.php HTTP/1.1" 200 60
::1 - - [08/Nov/2020:20:51:15 +0300] "POST /login.php HTTP/1.1" 200 60
::1 - - [08/Nov/2020:20:51:45 +0300] "GET /form.php HTTP/1.1" 200 432
::1 - - [08/Nov/2020:20:51:54 +0300] "POST /form.php HTTP/1.1" 200 494
::1 - - [08/Nov/2020:20:52:04 +0300] "POST /form.php HTTP/1.1" 200 494
::1 - - [08/Nov/2020:20:52:08 +0300] "POST /form.php HTTP/1.1" 200 494
::1 - - [08/Nov/2020:20:52:15 +0300] "POST /form.php HTTP/1.1" 200 486
::1 - - [08/Nov/2020:20:52:25 +0300] "POST /form.php HTTP/1.1" 200 486
::1 - - [08/Nov/2020:20:53:19 +0300] "POST /form.php HTTP/1.1" 200 506
::1 - - [08/Nov/2020:20:53:58 +0300] "POST /form.php HTTP/1.1" 200 451
::1 - - [08/Nov/2020:20:54:14 +0300] "POST /login.php HTTP/1.1" 200 86
::1 - - [08/Nov/2020:20:54:35 +0300] "POST /login.php HTTP/1.1" 200 74
::1 - - [08/Nov/2020:20:54:40 +0300] "POST /form.php HTTP/1.1" 200 451
::1 - - [08/Nov/2020:20:54:44 +0300] "POST /login.php HTTP/1.1" 200 74
::1 - - [08/Nov/2020:20:54:53 +0300] "POST /login.php HTTP/1.1" 200 80
::1 - - [08/Nov/2020:20:55:00 +0300] "POST /login.php HTTP/1.1" 200 58
::1 - - [08/Nov/2020:20:57:16 +0300] "POST /login.php HTTP/1.1" 200 74
::1 - - [08/Nov/2020:20:57:22 +0300] "POST /form.php HTTP/1.1" 200 523
::1 - - [08/Nov/2020:20:57:27 +0300] "POST /form.php HTTP/1.1" 200 523
::1 - - [08/Nov/2020:20:57:41 +0300] "POST /form.php HTTP/1.1" 200 481
::1 - - [08/Nov/2020:20:58:07 +0300] "POST /form.php HTTP/1.1" 200 556
::1 - - [08/Nov/2020:20:59:39 +0300] "POST /form.php HTTP/1.1" 200 502
::1 - - [08/Nov/2020:23:15:10 +0300] "GET / HTTP/1.1" 200 253
::1 - - [08/Nov/2020:23:15:13 +0300] "GET /form.php HTTP/1.1" 200 432
::1 - - [08/Nov/2020:23:20:40 +0300] "GET /form.php HTTP/1.1" 200 432
::1 - - [08/Nov/2020:23:24:10 +0300] "GET /form.php HTTP/1.1" 200 432
::1 - - [08/Nov/2020:23:28:34 +0300] "GET /form.php HTTP/1.1" 200 432
::1 - - [08/Nov/2020:23:28:39 +0300] "POST /form.php HTTP/1.1" 200 507
::1 - - [08/Nov/2020:23:28:47 +0300] "POST /form.php HTTP/1.1" 200 507
::1 - - [08/Nov/2020:23:29:02 +0300] "POST /form.php HTTP/1.1" 200 549
::1 - - [08/Nov/2020:23:29:17 +0300] "POST /form.php HTTP/1.1" 200 489
::1 - - [09/Nov/2020:20:47:13 +0300] "GET / HTTP/1.1" 200 358
::1 - - [09/Nov/2020:20:47:14 +0300] "GET /favicon.ico HTTP/1.1" 404 196
::1 - - [09/Nov/2020:20:47:16 +0300] "GET /get.php?login=mailcom&age=22 HTTP/1.1" 404 196
::1 - - [09/Nov/2020:20:48:43 +0300] "GET /get.php?login=mailcom&age=22 HTTP/1.1" 200 -
::1 - - [09/Nov/2020:20:49:44 +0300] "GET /get.php?login=mailcom&age=22 HTTP/1.1" 200 94
::1 - - [09/Nov/2020:20:51:41 +0300] "GET /get.php?login=mailcom&age=22 HTTP/1.1" 200 112
::1 - - [09/Nov/2020:20:51:50 +0300] "GET /get.php?login=mailcom&age=22 HTTP/1.1" 200 57
::1 - - [09/Nov/2020:20:54:59 +0300] "GET /get.php?login=mailcom&age=22 HTTP/1.1" 200 262
::1 - - [09/Nov/2020:20:55:02 +0300] "GET /get.php?login=&password= HTTP/1.1" 200 276
::1 - - [09/Nov/2020:20:55:17 +0300] "GET /get.php?login=asdf&password=asdf HTTP/1.1" 200 275
::1 - - [09/Nov/2020:20:55:20 +0300] "GET /get.php?login=asdf&password=asdf HTTP/1.1" 200 275
::1 - - [09/Nov/2020:20:55:23 +0300] "GET /get.php?login=asdf&password=asdf HTTP/1.1" 200 275
::1 - - [09/Nov/2020:20:55:29 +0300] "GET /get.php?login=asdf123&age=123 HTTP/1.1" 200 258
::1 - - [09/Nov/2020:21:04:45 +0300] "GET /form.php HTTP/1.1" 200 498
::1 - - [09/Nov/2020:21:06:24 +0300] "POST /form.php HTTP/1.1" 200 135
::1 - - [09/Nov/2020:21:06:31 +0300] "POST /form.php HTTP/1.1" 200 426
::1 - - [09/Nov/2020:21:08:07 +0300] "GET /form.php HTTP/1.1" 200 498
::1 - - [09/Nov/2020:21:08:11 +0300] "GET /get.php?login=mailcom&age=22 HTTP/1.1" 200 266
::1 - - [09/Nov/2020:21:09:11 +0300] "GET /get.php?login=mailcom&age=22 HTTP/1.1" 200 266
::1 - - [09/Nov/2020:21:09:12 +0300] "GET /get.php?login=mailcom&age=22 HTTP/1.1" 200 266
::1 - - [09/Nov/2020:21:09:17 +0300] "GET /get.php?login=mailcom&age=22 HTTP/1.1" 200 266
::1 - - [09/Nov/2020:21:09:57 +0300] "GET /get.php?login=mailcom&age=22 HTTP/1.1" 200 266
::1 - - [09/Nov/2020:21:10:24 +0300] "GET /get.php?login=mailcom&age=22 HTTP/1.1" 200 423
::1 - - [09/Nov/2020:21:11:27 +0300] "GET /form.php HTTP/1.1" 200 498
::1 - - [09/Nov/2020:21:11:29 +0300] "POST /form.php HTTP/1.1" 200 556
::1 - - [09/Nov/2020:21:11:47 +0300] "POST /form.php HTTP/1.1" 200 566
::1 - - [09/Nov/2020:21:11:50 +0300] "POST /form.php HTTP/1.1" 200 669
::1 - - [09/Nov/2020:21:11:53 +0300] "POST /form.php HTTP/1.1" 200 565
::1 - - [09/Nov/2020:21:11:56 +0300] "POST /form.php HTTP/1.1" 200 669
::1 - - [09/Nov/2020:21:12:13 +0300] "GET /form.php HTTP/1.1" 200 508
::1 - - [09/Nov/2020:21:12:15 +0300] "GET /get.php?login=mailcom&age=22 HTTP/1.1" 200 423
::1 - - [09/Nov/2020:21:12:18 +0300] "GET /get.php?login=&age=&remember=1 HTTP/1.1" 200 311
::1 - - [09/Nov/2020:21:12:31 +0300] "GET /get.php?login=&age= HTTP/1.1" 200 414
::1 - - [09/Nov/2020:21:12:39 +0300] "GET /form.php HTTP/1.1" 200 508
::1 - - [09/Nov/2020:21:14:07 +0300] "GET /form.php HTTP/1.1" 200 508
::1 - - [09/Nov/2020:21:14:11 +0300] "POST /form.php HTTP/1.1" 200 565
::1 - - [09/Nov/2020:21:15:06 +0300] "POST /form.php HTTP/1.1" 200 559
::1 - - [09/Nov/2020:21:15:09 +0300] "POST /form.php HTTP/1.1" 200 559
::1 - - [09/Nov/2020:21:15:12 +0300] "POST /form.php HTTP/1.1" 200 565
::1 - - [09/Nov/2020:21:15:20 +0300] "POST /form.php HTTP/1.1" 200 573
::1 - - [09/Nov/2020:21:15:30 +0300] "POST /form.php HTTP/1.1" 200 565
::1 - - [09/Nov/2020:21:15:32 +0300] "POST /form.php HTTP/1.1" 200 565
::1 - - [09/Nov/2020:21:15:33 +0300] "POST /form.php HTTP/1.1" 200 565
::1 - - [09/Nov/2020:21:16:20 +0300] "POST /form.php HTTP/1.1" 200 583
::1 - - [09/Nov/2020:21:19:57 +0300] "POST /form.php HTTP/1.1" 200 795
::1 - - [09/Nov/2020:21:20:01 +0300] "POST /form.php HTTP/1.1" 200 795
::1 - - [09/Nov/2020:21:20:19 +0300] "POST /form.php HTTP/1.1" 200 744
::1 - - [09/Nov/2020:21:20:28 +0300] "POST /form.php HTTP/1.1" 200 795
::1 - - [09/Nov/2020:21:21:14 +0300] "POST /form.php HTTP/1.1" 200 795
::1 - - [09/Nov/2020:21:21:20 +0300] "POST /form.php HTTP/1.1" 200 795
::1 - - [09/Nov/2020:21:21:22 +0300] "POST /form.php HTTP/1.1" 200 795
::1 - - [09/Nov/2020:21:23:37 +0300] "POST /form.php HTTP/1.1" 200 135
::1 - - [09/Nov/2020:21:23:51 +0300] "POST /form.php HTTP/1.1" 200 826
::1 - - [09/Nov/2020:21:23:57 +0300] "POST /form.php HTTP/1.1" 200 1026
::1 - - [09/Nov/2020:21:24:27 +0300] "POST /form.php HTTP/1.1" 200 837
::1 - - [09/Nov/2020:21:24:55 +0300] "POST /form.php HTTP/1.1" 200 837
::1 - - [09/Nov/2020:21:25:01 +0300] "POST /form.php HTTP/1.1" 200 837
::1 - - [09/Nov/2020:21:26:06 +0300] "POST /form.php HTTP/1.1" 200 837
::1 - - [09/Nov/2020:21:26:34 +0300] "POST /form.php HTTP/1.1" 200 808
::1 - - [09/Nov/2020:21:26:39 +0300] "POST /form.php HTTP/1.1" 200 1026
::1 - - [09/Nov/2020:21:26:53 +0300] "POST /form.php HTTP/1.1" 200 1026
::1 - - [09/Nov/2020:21:27:00 +0300] "POST /form.php HTTP/1.1" 200 806
::1 - - [09/Nov/2020:21:27:04 +0300] "POST /form.php HTTP/1.1" 200 806
::1 - - [09/Nov/2020:21:29:14 +0300] "POST /form.php HTTP/1.1" 200 999
::1 - - [09/Nov/2020:21:30:02 +0300] "POST /form.php HTTP/1.1" 200 1015
::1 - - [09/Nov/2020:21:30:12 +0300] "POST /form.php HTTP/1.1" 200 1018
::1 - - [09/Nov/2020:21:32:26 +0300] "POST /form.php HTTP/1.1" 200 1025
::1 - - [09/Nov/2020:21:32:29 +0300] "POST /form.php HTTP/1.1" 200 1025
::1 - - [09/Nov/2020:21:32:36 +0300] "POST /form.php HTTP/1.1" 200 1242
::1 - - [09/Nov/2020:21:32:46 +0300] "POST /form.php HTTP/1.1" 200 1242
::1 - - [09/Nov/2020:21:32:48 +0300] "POST /form.php HTTP/1.1" 200 1025
::1 - - [09/Nov/2020:21:36:29 +0300] "POST /form.php HTTP/1.1" 200 1264
::1 - - [09/Nov/2020:21:36:37 +0300] "POST /form.php HTTP/1.1" 200 1264
::1 - - [09/Nov/2020:21:36:41 +0300] "POST /form.php HTTP/1.1" 200 1264
::1 - - [09/Nov/2020:21:36:52 +0300] "POST /form.php HTTP/1.1" 200 1264
::1 - - [09/Nov/2020:21:37:06 +0300] "POST /form.php HTTP/1.1" 200 1268
::1 - - [09/Nov/2020:21:39:05 +0300] "POST /form.php HTTP/1.1" 200 1268
::1 - - [09/Nov/2020:21:39:17 +0300] "POST /form.php HTTP/1.1" 200 1294
::1 - - [09/Nov/2020:21:39:36 +0300] "POST /form.php HTTP/1.1" 200 1299
::1 - - [09/Nov/2020:21:39:41 +0300] "POST /form.php HTTP/1.1" 200 1273
::1 - - [09/Nov/2020:21:39:58 +0300] "POST /form.php HTTP/1.1" 200 1273
::1 - - [09/Nov/2020:21:40:00 +0300] "POST /form.php HTTP/1.1" 200 1273
::1 - - [09/Nov/2020:21:40:01 +0300] "POST /form.php HTTP/1.1" 200 1273
::1 - - [09/Nov/2020:21:40:31 +0300] "POST /form.php HTTP/1.1" 200 1264
::1 - - [09/Nov/2020:21:40:33 +0300] "POST /form.php HTTP/1.1" 200 1257
::1 - - [09/Nov/2020:21:40:39 +0300] "POST /form.php HTTP/1.1" 200 1257
::1 - - [09/Nov/2020:21:41:42 +0300] "POST /form.php HTTP/1.1" 200 1257
::1 - - [09/Nov/2020:21:41:45 +0300] "POST /form.php HTTP/1.1" 200 1257
::1 - - [09/Nov/2020:21:41:56 +0300] "POST /form.php HTTP/1.1" 200 1258
::1 - - [09/Nov/2020:21:43:59 +0300] "POST /form.php HTTP/1.1" 200 1258
::1 - - [09/Nov/2020:21:44:01 +0300] "POST /form.php HTTP/1.1" 200 1258
::1 - - [09/Nov/2020:21:44:07 +0300] "GET /form2.php HTTP/1.1" 200 1192
::1 - - [09/Nov/2020:21:44:10 +0300] "POST /form2.php HTTP/1.1" 200 1257
::1 - - [09/Nov/2020:21:44:12 +0300] "POST /form2.php HTTP/1.1" 200 1257
::1 - - [09/Nov/2020:21:44:14 +0300] "POST /form2.php HTTP/1.1" 200 1257
::1 - - [09/Nov/2020:21:44:58 +0300] "POST /form2.php HTTP/1.1" 200 1204
::1 - - [09/Nov/2020:21:45:00 +0300] "POST /form2.php HTTP/1.1" 200 1204
::1 - - [09/Nov/2020:21:45:01 +0300] "POST /form2.php HTTP/1.1" 200 1204
::1 - - [09/Nov/2020:21:45:37 +0300] "POST /form2.php HTTP/1.1" 200 1204
::1 - - [09/Nov/2020:21:45:38 +0300] "POST /form2.php HTTP/1.1" 200 1204
::1 - - [09/Nov/2020:21:45:49 +0300] "POST /form2.php HTTP/1.1" 200 1205
::1 - - [09/Nov/2020:21:45:51 +0300] "POST /form2.php HTTP/1.1" 200 1258
::1 - - [09/Nov/2020:21:46:20 +0300] "POST /form2.php HTTP/1.1" 404 196
::1 - - [09/Nov/2020:21:46:22 +0300] "POST /form2.php HTTP/1.1" 404 196
::1 - - [09/Nov/2020:21:46:23 +0300] "POST /form2.php HTTP/1.1" 404 196
::1 - - [09/Nov/2020:21:46:24 +0300] "POST /form2.php HTTP/1.1" 404 196
::1 - - [09/Nov/2020:21:46:25 +0300] "POST /form2.php HTTP/1.1" 404 196
::1 - - [09/Nov/2020:21:46:26 +0300] "POST /form2.php HTTP/1.1" 404 196
::1 - - [09/Nov/2020:21:46:27 +0300] "POST /form2.php HTTP/1.1" 404 196
::1 - - [09/Nov/2020:21:46:28 +0300] "GET /form2.php HTTP/1.1" 404 196
::1 - - [09/Nov/2020:21:46:28 +0300] "POST /form.php HTTP/1.1" 200 1258
::1 - - [09/Nov/2020:21:46:31 +0300] "POST /form.php HTTP/1.1" 200 1257
::1 - - [09/Nov/2020:21:46:36 +0300] "POST /form.php HTTP/1.1" 200 1245
::1 - - [09/Nov/2020:21:48:10 +0300] "POST /form.php HTTP/1.1" 200 230
::1 - - [09/Nov/2020:21:48:22 +0300] "POST /form.php HTTP/1.1" 200 230
::1 - - [09/Nov/2020:21:48:42 +0300] "POST /form.php HTTP/1.1" 200 1245
::1 - - [09/Nov/2020:21:49:00 +0300] "POST /form.php HTTP/1.1" 200 1245
::1 - - [09/Nov/2020:21:49:21 +0300] "POST /form.php HTTP/1.1" 200 230
::1 - - [09/Nov/2020:21:50:06 +0300] "POST /form.php HTTP/1.1" 200 1290
::1 - - [09/Nov/2020:21:50:15 +0300] "POST /form.php HTTP/1.1" 200 1378
::1 - - [09/Nov/2020:21:50:39 +0300] "POST /form.php HTTP/1.1" 200 1290
::1 - - [09/Nov/2020:21:51:02 +0300] "POST /form.php HTTP/1.1" 200 1523
::1 - - [09/Nov/2020:21:51:21 +0300] "POST /form.php HTTP/1.1" 200 1545
::1 - - [09/Nov/2020:21:52:03 +0300] "POST /form.php HTTP/1.1" 200 1558
::1 - - [09/Nov/2020:21:52:35 +0300] "POST /form.php HTTP/1.1" 200 1295
::1 - - [09/Nov/2020:21:52:40 +0300] "POST /form.php HTTP/1.1" 200 1257
::1 - - [09/Nov/2020:22:07:04 +0300] "POST /form.php HTTP/1.1" 200 1295
::1 - - [09/Nov/2020:22:07:06 +0300] "GET / HTTP/1.1" 200 465
::1 - - [09/Nov/2020:22:07:09 +0300] "GET /get.php?login=mailcom&age=22 HTTP/1.1" 200 423
::1 - - [09/Nov/2020:22:07:33 +0300] "GET / HTTP/1.1" 200 465
::1 - - [09/Nov/2020:22:07:35 +0300] "GET /get.php?login=mailcom&age=22 HTTP/1.1" 200 423
::1 - - [09/Nov/2020:22:07:58 +0300] "GET / HTTP/1.1" 200 446
::1 - - [09/Nov/2020:22:08:00 +0300] "GET / HTTP/1.1" 200 446
::1 - - [09/Nov/2020:22:08:02 +0300] "GET /input.php HTTP/1.1" 200 957
::1 - - [09/Nov/2020:22:08:29 +0300] "POST /input.php HTTP/1.1" 200 1238
::1 - - [09/Nov/2020:22:08:45 +0300] "POST /input.php HTTP/1.1" 200 1238
::1 - - [09/Nov/2020:22:08:47 +0300] "POST /input.php HTTP/1.1" 200 1238
::1 - - [09/Nov/2020:22:08:48 +0300] "POST /input.php HTTP/1.1" 200 957
::1 - - [09/Nov/2020:22:09:16 +0300] "POST /input.php HTTP/1.1" 200 938
::1 - - [09/Nov/2020:22:09:20 +0300] "POST /input.php HTTP/1.1" 200 938
::1 - - [09/Nov/2020:22:09:30 +0300] "POST /input.php HTTP/1.1" 200 1225
::1 - - [09/Nov/2020:22:09:40 +0300] "POST /input.php HTTP/1.1" 200 938
::1 - - [09/Nov/2020:22:11:21 +0300] "POST /input.php HTTP/1.1" 200 938
::1 - - [09/Nov/2020:22:39:06 +0300] "POST /input.php HTTP/1.1" 200 127
::1 - - [09/Nov/2020:22:41:10 +0300] "POST /input.php HTTP/1.1" 200 166
::1 - - [09/Nov/2020:22:41:25 +0300] "POST /input.php HTTP/1.1" 200 181
::1 - - [09/Nov/2020:22:45:10 +0300] "POST /input.php HTTP/1.1" 200 421
::1 - - [09/Nov/2020:22:45:43 +0300] "POST /input.php HTTP/1.1" 200 433
::1 - - [09/Nov/2020:22:46:13 +0300] "POST /input.php HTTP/1.1" 200 453
::1 - - [09/Nov/2020:22:51:28 +0300] "POST /input.php HTTP/1.1" 200 1017
::1 - - [09/Nov/2020:23:02:57 +0300] "POST /input.php HTTP/1.1" 200 142
::1 - - [09/Nov/2020:23:05:13 +0300] "POST /input.php HTTP/1.1" 200 122
::1 - - [09/Nov/2020:23:06:06 +0300] "POST /input.php HTTP/1.1" 200 1078
::1 - - [09/Nov/2020:23:09:17 +0300] "POST /input.php HTTP/1.1" 200 1192
::1 - - [09/Nov/2020:23:09:48 +0300] "POST /input.php HTTP/1.1" 200 1192
::1 - - [09/Nov/2020:23:10:24 +0300] "POST /input.php HTTP/1.1" 200 1192
::1 - - [09/Nov/2020:23:10:34 +0300] "POST /input.php HTTP/1.1" 200 1192
::1 - - [09/Nov/2020:23:11:10 +0300] "POST /input.php HTTP/1.1" 200 1173
::1 - - [09/Nov/2020:23:13:31 +0300] "POST /input.php HTTP/1.1" 200 1245
::1 - - [09/Nov/2020:23:14:25 +0300] "POST /input.php HTTP/1.1" 200 1253
::1 - - [09/Nov/2020:23:14:48 +0300] "POST /input.php HTTP/1.1" 200 1269
::1 - - [09/Nov/2020:23:14:49 +0300] "POST /input.php HTTP/1.1" 200 1269
::1 - - [09/Nov/2020:23:15:00 +0300] "POST /input.php HTTP/1.1" 200 1270
::1 - - [09/Nov/2020:23:15:13 +0300] "POST /input.php HTTP/1.1" 200 1271
::1 - - [09/Nov/2020:23:15:16 +0300] "POST /input.php HTTP/1.1" 200 1271
::1 - - [09/Nov/2020:23:15:17 +0300] "POST /input.php HTTP/1.1" 200 1271
::1 - - [09/Nov/2020:23:15:19 +0300] "POST /input.php HTTP/1.1" 200 1271
::1 - - [09/Nov/2020:23:15:24 +0300] "POST /input.php HTTP/1.1" 200 1271
::1 - - [09/Nov/2020:23:16:06 +0300] "POST /input.php HTTP/1.1" 200 1290
::1 - - [09/Nov/2020:23:16:09 +0300] "POST /input.php HTTP/1.1" 200 1290
::1 - - [09/Nov/2020:23:17:45 +0300] "POST /input.php HTTP/1.1" 200 1292
::1 - - [09/Nov/2020:23:17:47 +0300] "POST /input.php HTTP/1.1" 200 1292
::1 - - [09/Nov/2020:23:18:19 +0300] "POST /input.php HTTP/1.1" 200 1292
::1 - - [09/Nov/2020:23:18:21 +0300] "POST /input.php HTTP/1.1" 200 1292
::1 - - [09/Nov/2020:23:18:22 +0300] "POST /input.php HTTP/1.1" 200 1292
::1 - - [09/Nov/2020:23:18:55 +0300] "POST /input.php HTTP/1.1" 200 957
::1 - - [09/Nov/2020:23:19:06 +0300] "POST /input.php HTTP/1.1" 200 1218
::1 - - [09/Nov/2020:23:19:51 +0300] "POST /input.php HTTP/1.1" 200 1558
::1 - - [09/Nov/2020:23:19:56 +0300] "POST /input.php HTTP/1.1" 200 1297
::1 - - [09/Nov/2020:23:19:57 +0300] "POST /input.php HTTP/1.1" 200 1297
::1 - - [09/Nov/2020:23:19:59 +0300] "POST /input.php HTTP/1.1" 200 1297
::1 - - [09/Nov/2020:23:20:07 +0300] "POST /input.php HTTP/1.1" 200 1297
::1 - - [09/Nov/2020:23:20:08 +0300] "POST /input.php HTTP/1.1" 200 1297
::1 - - [09/Nov/2020:23:21:14 +0300] "POST /input.php HTTP/1.1" 200 1296
::1 - - [09/Nov/2020:23:21:17 +0300] "POST /input.php HTTP/1.1" 200 1296
::1 - - [09/Nov/2020:23:21:18 +0300] "POST /input.php HTTP/1.1" 200 1296
::1 - - [09/Nov/2020:23:21:20 +0300] "POST /input.php HTTP/1.1" 200 1296
::1 - - [09/Nov/2020:23:21:43 +0300] "POST /input.php HTTP/1.1" 200 1297
::1 - - [09/Nov/2020:23:22:07 +0300] "POST /input.php HTTP/1.1" 200 1482
::1 - - [09/Nov/2020:23:22:26 +0300] "POST /input.php HTTP/1.1" 200 1490
::1 - - [09/Nov/2020:23:23:00 +0300] "POST /input.php HTTP/1.1" 200 1490
::1 - - [09/Nov/2020:23:23:54 +0300] "POST /input.php HTTP/1.1" 200 1487
::1 - - [09/Nov/2020:23:23:56 +0300] "POST /input.php HTTP/1.1" 200 1487
::1 - - [09/Nov/2020:23:24:16 +0300] "POST /input.php HTTP/1.1" 200 1526
::1 - - [09/Nov/2020:23:24:23 +0300] "POST /input.php HTTP/1.1" 200 1526
::1 - - [09/Nov/2020:23:24:25 +0300] "POST /input.php HTTP/1.1" 200 1525
::1 - - [09/Nov/2020:23:25:08 +0300] "POST /input.php HTTP/1.1" 200 1525
::1 - - [09/Nov/2020:23:25:10 +0300] "POST /input.php HTTP/1.1" 200 1525
::1 - - [09/Nov/2020:23:25:11 +0300] "POST /input.php HTTP/1.1" 200 1525
::1 - - [09/Nov/2020:23:26:03 +0300] "POST /input.php HTTP/1.1" 200 1809
::1 - - [09/Nov/2020:23:26:05 +0300] "POST /input.php HTTP/1.1" 200 1809
::1 - - [09/Nov/2020:23:26:39 +0300] "POST /input.php HTTP/1.1" 200 1809
::1 - - [09/Nov/2020:23:26:42 +0300] "POST /input.php HTTP/1.1" 200 1809
::1 - - [09/Nov/2020:23:27:05 +0300] "POST /input.php HTTP/1.1" 200 1809
::1 - - [09/Nov/2020:23:27:08 +0300] "POST /input.php HTTP/1.1" 200 1809
::1 - - [09/Nov/2020:23:27:38 +0300] "POST /input.php HTTP/1.1" 200 1853
::1 - - [09/Nov/2020:23:28:01 +0300] "POST /input.php HTTP/1.1" 200 1816
::1 - - [09/Nov/2020:23:28:03 +0300] "POST /input.php HTTP/1.1" 200 1742
::1 - - [09/Nov/2020:23:28:36 +0300] "POST /input.php HTTP/1.1" 200 1742
::1 - - [09/Nov/2020:23:29:06 +0300] "POST /input.php HTTP/1.1" 200 1707
::1 - - [09/Nov/2020:23:29:10 +0300] "POST /input.php HTTP/1.1" 200 1372
::1 - - [09/Nov/2020:23:29:31 +0300] "POST /input.php HTTP/1.1" 200 1380
::1 - - [09/Nov/2020:23:29:33 +0300] "POST /input.php HTTP/1.1" 200 1679
::1 - - [09/Nov/2020:23:30:11 +0300] "POST /input.php HTTP/1.1" 200 1687
::1 - - [09/Nov/2020:23:30:14 +0300] "POST /input.php HTTP/1.1" 200 1687
::1 - - [09/Nov/2020:23:30:16 +0300] "POST /input.php HTTP/1.1" 200 1687
::1 - - [09/Nov/2020:23:30:24 +0300] "POST /input.php HTTP/1.1" 200 1688
::1 - - [09/Nov/2020:23:30:27 +0300] "POST /input.php HTTP/1.1" 200 1688
::1 - - [09/Nov/2020:23:30:46 +0300] "POST /input.php HTTP/1.1" 200 1680
::1 - - [09/Nov/2020:23:30:49 +0300] "POST /input.php HTTP/1.1" 200 1680
::1 - - [09/Nov/2020:23:31:09 +0300] "POST /input.php HTTP/1.1" 200 1672
::1 - - [09/Nov/2020:23:31:21 +0300] "POST /input.php HTTP/1.1" 200 1688
::1 - - [09/Nov/2020:23:31:33 +0300] "POST /input.php HTTP/1.1" 200 1353
::1 - - [09/Nov/2020:23:31:46 +0300] "POST /input.php HTTP/1.1" 200 1670
::1 - - [10/Nov/2020:20:45:56 +0300] "GET / HTTP/1.1" 200 446
::1 - - [10/Nov/2020:20:45:59 +0300] "GET /input.php HTTP/1.1" 200 1241
::1 - - [10/Nov/2020:20:46:11 +0300] "POST /input.php HTTP/1.1" 200 1672
::1 - - [10/Nov/2020:20:46:55 +0300] "POST /input.php HTTP/1.1" 200 1719
::1 - - [10/Nov/2020:20:47:16 +0300] "POST /input.php HTTP/1.1" 200 1700
::1 - - [10/Nov/2020:20:58:01 +0300] "GET /strings.php HTTP/1.1" 200 75
::1 - - [10/Nov/2020:21:01:17 +0300] "GET /strings.php HTTP/1.1" 200 124
::1 - - [10/Nov/2020:21:01:29 +0300] "GET /strings.php HTTP/1.1" 200 163
::1 - - [10/Nov/2020:21:01:41 +0300] "GET /strings.php HTTP/1.1" 200 168
::1 - - [10/Nov/2020:21:02:21 +0300] "GET /strings.php HTTP/1.1" 200 285
::1 - - [10/Nov/2020:21:03:04 +0300] "GET /strings.php HTTP/1.1" 200 285
::1 - - [10/Nov/2020:21:03:39 +0300] "GET /strings.php HTTP/1.1" 200 173
::1 - - [10/Nov/2020:22:38:01 +0300] "GET /strings.php HTTP/1.1" 200 173
::1 - - [10/Nov/2020:22:38:03 +0300] "GET /strings.php HTTP/1.1" 200 173
::1 - - [10/Nov/2020:22:38:10 +0300] "GET /strings.php HTTP/1.1" 200 173
::1 - - [10/Nov/2020:22:38:59 +0300] "GET /strings.php HTTP/1.1" 200 173
::1 - - [10/Nov/2020:22:40:06 +0300] "GET /strings.php HTTP/1.1" 200 202
::1 - - [10/Nov/2020:22:40:34 +0300] "GET /strings.php HTTP/1.1" 200 239
::1 - - [10/Nov/2020:22:40:48 +0300] "GET /strings.php HTTP/1.1" 200 247
::1 - - [10/Nov/2020:22:41:24 +0300] "GET /strings.php HTTP/1.1" 200 282
::1 - - [10/Nov/2020:22:42:33 +0300] "GET /strings.php HTTP/1.1" 200 319
::1 - - [10/Nov/2020:22:43:22 +0300] "GET /strings.php HTTP/1.1" 200 356
::1 - - [10/Nov/2020:22:44:00 +0300] "GET /strings.php HTTP/1.1" 200 358
::1 - - [10/Nov/2020:22:44:13 +0300] "GET /strings.php HTTP/1.1" 200 358
::1 - - [10/Nov/2020:22:44:21 +0300] "GET /strings.php HTTP/1.1" 200 358
::1 - - [10/Nov/2020:22:44:39 +0300] "GET /strings.php HTTP/1.1" 200 119
::1 - - [10/Nov/2020:22:44:51 +0300] "GET /strings.php HTTP/1.1" 200 119
::1 - - [10/Nov/2020:22:45:00 +0300] "GET /strings.php HTTP/1.1" 200 119
::1 - - [10/Nov/2020:22:45:10 +0300] "GET /strings.php HTTP/1.1" 200 363
::1 - - [10/Nov/2020:22:45:21 +0300] "GET /strings.php HTTP/1.1" 200 363
::1 - - [10/Nov/2020:22:48:01 +0300] "GET /strings.php HTTP/1.1" 200 413
::1 - - [10/Nov/2020:22:48:35 +0300] "GET /strings.php HTTP/1.1" 200 408
::1 - - [10/Nov/2020:22:48:48 +0300] "GET /strings.php HTTP/1.1" 200 407
::1 - - [10/Nov/2020:22:48:58 +0300] "GET /strings.php HTTP/1.1" 200 408
::1 - - [10/Nov/2020:22:49:25 +0300] "GET /strings.php HTTP/1.1" 200 407
::1 - - [10/Nov/2020:22:49:48 +0300] "GET /strings.php HTTP/1.1" 200 403
::1 - - [10/Nov/2020:22:49:53 +0300] "GET /strings.php HTTP/1.1" 200 407
::1 - - [10/Nov/2020:22:49:59 +0300] "GET /strings.php HTTP/1.1" 200 408
::1 - - [10/Nov/2020:22:50:10 +0300] "GET /strings.php HTTP/1.1" 200 407
::1 - - [10/Nov/2020:22:52:33 +0300] "GET /strings.php HTTP/1.1" 200 444
::1 - - [10/Nov/2020:22:52:48 +0300] "GET /strings.php HTTP/1.1" 200 481
::1 - - [11/Nov/2020:14:44:25 +0300] "GET / HTTP/1.1" 200 538
::1 - - [11/Nov/2020:14:44:26 +0300] "GET /favicon.ico HTTP/1.1" 404 196
::1 - - [11/Nov/2020:14:44:30 +0300] "GET /strings.php HTTP/1.1" 200 481
::1 - - [11/Nov/2020:14:44:37 +0300] "GET /cookies.php HTTP/1.1" 200 -
::1 - - [11/Nov/2020:14:45:00 +0300] "GET /cookies.php HTTP/1.1" 200 513
::1 - - [11/Nov/2020:14:45:42 +0300] "GET /cookies.php HTTP/1.1" 200 63
::1 - - [11/Nov/2020:14:45:55 +0300] "GET /cookies.php HTTP/1.1" 200 573
::1 - - [11/Nov/2020:14:46:42 +0300] "GET /cookies.php HTTP/1.1" 200 63
::1 - - [11/Nov/2020:14:47:01 +0300] "GET /cookies.php HTTP/1.1" 200 67
::1 - - [11/Nov/2020:14:52:32 +0300] "GET /cookies.php HTTP/1.1" 200 67
::1 - - [11/Nov/2020:14:52:33 +0300] "GET /cookies.php HTTP/1.1" 200 109
::1 - - [11/Nov/2020:14:52:57 +0300] "GET /cookies.php HTTP/1.1" 200 106
::1 - - [11/Nov/2020:14:53:04 +0300] "GET /cookies.php HTTP/1.1" 200 109
::1 - - [11/Nov/2020:14:53:07 +0300] "GET /cookies.php HTTP/1.1" 200 112
::1 - - [11/Nov/2020:14:53:16 +0300] "GET /cookies.php HTTP/1.1" 200 109
::1 - - [11/Nov/2020:14:53:19 +0300] "GET /cookies.php HTTP/1.1" 200 106
::1 - - [11/Nov/2020:14:59:09 +0300] "GET /cookies.php HTTP/1.1" 200 106
::1 - - [11/Nov/2020:14:59:12 +0300] "GET /cookies.php HTTP/1.1" 200 132
::1 - - [11/Nov/2020:15:00:39 +0300] "GET /cookies.php HTTP/1.1" 200 132
::1 - - [11/Nov/2020:15:01:03 +0300] "GET /cookies.php HTTP/1.1" 200 155
::1 - - [11/Nov/2020:15:01:08 +0300] "GET /cookies.php HTTP/1.1" 200 137
::1 - - [11/Nov/2020:15:01:28 +0300] "GET /cookies.php HTTP/1.1" 200 137
::1 - - [11/Nov/2020:21:21:59 +0300] "GET / HTTP/1.1" 200 538
::1 - - [11/Nov/2020:21:22:12 +0300] "GET /session.php HTTP/1.1" 200 63
::1 - - [11/Nov/2020:21:23:48 +0300] "GET /session.php HTTP/1.1" 200 150
::1 - - [11/Nov/2020:21:23:56 +0300] "GET /session.php HTTP/1.1" 200 94
::1 - - [11/Nov/2020:21:24:37 +0300] "GET /session.php HTTP/1.1" 200 108
::1 - - [11/Nov/2020:21:25:35 +0300] "GET /session.php HTTP/1.1" 200 139
::1 - - [11/Nov/2020:21:25:57 +0300] "GET /session.php HTTP/1.1" 200 139
::1 - - [11/Nov/2020:21:25:58 +0300] "GET /session.php HTTP/1.1" 200 139
::1 - - [11/Nov/2020:21:26:10 +0300] "GET /session.php HTTP/1.1" 200 139
::1 - - [11/Nov/2020:21:26:14 +0300] "GET /favicon.ico HTTP/1.1" 404 196
::1 - - [11/Nov/2020:21:29:51 +0300] "GET /session.php HTTP/1.1" 200 139
::1 - - [11/Nov/2020:21:29:53 +0300] "GET /session.php HTTP/1.1" 200 222
::1 - - [11/Nov/2020:21:30:35 +0300] "GET /session.php HTTP/1.1" 200 222
::1 - - [11/Nov/2020:21:30:36 +0300] "GET /session.php HTTP/1.1" 200 222
::1 - - [11/Nov/2020:21:30:38 +0300] "GET /session.php HTTP/1.1" 200 222
::1 - - [11/Nov/2020:21:30:39 +0300] "GET /session.php HTTP/1.1" 200 222
::1 - - [11/Nov/2020:21:30:40 +0300] "GET /session.php HTTP/1.1" 200 222
::1 - - [11/Nov/2020:21:30:41 +0300] "GET /session.php HTTP/1.1" 200 222
::1 - - [11/Nov/2020:21:31:23 +0300] "GET /session.php HTTP/1.1" 200 222
::1 - - [11/Nov/2020:21:31:24 +0300] "GET /session.php HTTP/1.1" 200 222
::1 - - [11/Nov/2020:21:31:24 +0300] "GET /session.php HTTP/1.1" 200 222
::1 - - [11/Nov/2020:21:31:35 +0300] "GET /session.php HTTP/1.1" 200 222
::1 - - [11/Nov/2020:21:31:36 +0300] "GET /session.php HTTP/1.1" 200 139
::1 - - [11/Nov/2020:21:31:37 +0300] "GET /session.php HTTP/1.1" 200 139
::1 - - [11/Nov/2020:21:31:38 +0300] "GET /session.php HTTP/1.1" 200 139
::1 - - [11/Nov/2020:21:31:38 +0300] "GET /session.php HTTP/1.1" 200 139
::1 - - [11/Nov/2020:21:31:39 +0300] "GET /session.php HTTP/1.1" 200 139
::1 - - [11/Nov/2020:21:33:31 +0300] "GET /session.php HTTP/1.1" 200 172
::1 - - [11/Nov/2020:21:33:39 +0300] "GET /session.php HTTP/1.1" 200 255
::1 - - [11/Nov/2020:21:33:45 +0300] "GET /session.php HTTP/1.1" 200 255
::1 - - [11/Nov/2020:21:33:48 +0300] "GET /session.php HTTP/1.1" 200 255
::1 - - [11/Nov/2020:21:33:49 +0300] "GET /session.php HTTP/1.1" 200 255
::1 - - [11/Nov/2020:21:33:51 +0300] "GET /session.php HTTP/1.1" 200 255
::1 - - [11/Nov/2020:21:33:52 +0300] "GET /session.php HTTP/1.1" 200 255
::1 - - [11/Nov/2020:21:34:29 +0300] "GET /session.php HTTP/1.1" 200 151
::1 - - [11/Nov/2020:21:34:31 +0300] "GET /session.php HTTP/1.1" 200 151
::1 - - [11/Nov/2020:21:34:32 +0300] "GET /session.php HTTP/1.1" 200 151
::1 - - [11/Nov/2020:21:34:36 +0300] "GET /session.php HTTP/1.1" 200 151
::1 - - [11/Nov/2020:21:34:36 +0300] "GET /session.php HTTP/1.1" 200 151
::1 - - [11/Nov/2020:21:34:37 +0300] "GET /session.php HTTP/1.1" 200 151
::1 - - [11/Nov/2020:21:34:51 +0300] "GET /session.php HTTP/1.1" 200 113
::1 - - [11/Nov/2020:21:34:51 +0300] "GET /session.php HTTP/1.1" 200 113
::1 - - [11/Nov/2020:21:34:53 +0300] "GET /session.php HTTP/1.1" 200 113
::1 - - [11/Nov/2020:21:34:53 +0300] "GET /session.php HTTP/1.1" 200 113
::1 - - [11/Nov/2020:21:34:54 +0300] "GET /session.php HTTP/1.1" 200 113
::1 - - [11/Nov/2020:21:34:55 +0300] "GET /session.php HTTP/1.1" 200 113
::1 - - [11/Nov/2020:21:35:02 +0300] "GET /session.php HTTP/1.1" 200 151
::1 - - [11/Nov/2020:22:13:20 +0300] "GET /fopen.php HTTP/1.1" 200 -
::1 - - [11/Nov/2020:22:14:15 +0300] "GET /fopen.php HTTP/1.1" 200 146
::1 - - [11/Nov/2020:22:14:37 +0300] "GET /fopen.php HTTP/1.1" 200 108
::1 - - [11/Nov/2020:22:19:12 +0300] "GET /fopen.php HTTP/1.1" 200 297
::1 - - [11/Nov/2020:22:19:29 +0300] "GET /fopen.php HTTP/1.1" 200 2840
::1 - - [11/Nov/2020:22:19:50 +0300] "GET /fopen.php HTTP/1.1" 200 3230
::1 - - [11/Nov/2020:22:23:07 +0300] "GET /fopen.php HTTP/1.1" 200 3167
::1 - - [11/Nov/2020:22:23:27 +0300] "GET /fopen.php HTTP/1.1" 200 108
::1 - - [11/Nov/2020:22:25:37 +0300] "GET /fopen.php HTTP/1.1" 200 2822
::1 - - [11/Nov/2020:22:25:52 +0300] "GET /fopen.php HTTP/1.1" 200 108
::1 - - [11/Nov/2020:22:27:44 +0300] "GET /fopen.php HTTP/1.1" 200 2842
::1 - - [11/Nov/2020:22:28:27 +0300] "GET /fopen.php HTTP/1.1" 200 2862
::1 - - [11/Nov/2020:22:32:13 +0300] "GET /fopen.php HTTP/1.1" 200 108
::1 - - [11/Nov/2020:22:32:55 +0300] "GET /fopen.php HTTP/1.1" 200 108
::1 - - [11/Nov/2020:22:39:53 +0300] "GET /fopen.php HTTP/1.1" 200 108
::1 - - [11/Nov/2020:22:40:27 +0300] "GET /fopen.php HTTP/1.1" 200 108
::1 - - [11/Nov/2020:22:40:49 +0300] "GET /fopen.php HTTP/1.1" 200 108
::1 - - [11/Nov/2020:22:41:38 +0300] "GET /fopen.php HTTP/1.1" 200 108
::1 - - [11/Nov/2020:22:42:30 +0300] "GET /fopen.php HTTP/1.1" 200 108
::1 - - [11/Nov/2020:22:43:03 +0300] "GET /fopen.php HTTP/1.1" 200 108
::1 - - [11/Nov/2020:22:43:20 +0300] "GET /fopen.php HTTP/1.1" 200 108
::1 - - [11/Nov/2020:22:44:33 +0300] "GET /fopen.php HTTP/1.1" 200 108
::1 - - [12/Nov/2020:22:26:51 +0300] "GET / HTTP/1.1" 200 3230
::1 - - [12/Nov/2020:22:26:52 +0300] "GET /favicon.ico HTTP/1.1" 404 196
::1 - - [12/Nov/2020:22:27:33 +0300] "GET /rename.php HTTP/1.1" 200 246
::1 - - [12/Nov/2020:22:28:14 +0300] "GET /rename.php HTTP/1.1" 200 27
::1 - - [12/Nov/2020:22:28:23 +0300] "GET /rename.php HTTP/1.1" 200 231
::1 - - [12/Nov/2020:22:28:45 +0300] "GET /rename.php HTTP/1.1" 200 27
::1 - - [12/Nov/2020:22:29:31 +0300] "GET /rename.php HTTP/1.1" 200 27
::1 - - [12/Nov/2020:22:29:34 +0300] "GET /rename.php HTTP/1.1" 200 27
::1 - - [12/Nov/2020:22:29:35 +0300] "GET /rename.php HTTP/1.1" 200 27
::1 - - [12/Nov/2020:22:29:36 +0300] "GET /rename.php HTTP/1.1" 200 27
::1 - - [12/Nov/2020:22:29:38 +0300] "GET /rename.php HTTP/1.1" 200 27
::1 - - [12/Nov/2020:22:29:46 +0300] "GET /rename.php HTTP/1.1" 200 27
::1 - - [12/Nov/2020:22:29:49 +0300] "GET /rename.php HTTP/1.1" 200 231
::1 - - [12/Nov/2020:22:29:55 +0300] "GET /rename.php HTTP/1.1" 200 231
::1 - - [12/Nov/2020:22:29:59 +0300] "GET /rename.php HTTP/1.1" 200 27
::1 - - [12/Nov/2020:22:30:01 +0300] "GET /rename.php HTTP/1.1" 200 27
::1 - - [12/Nov/2020:22:30:02 +0300] "GET /rename.php HTTP/1.1" 200 27
::1 - - [12/Nov/2020:22:32:33 +0300] "GET /rename.php HTTP/1.1" 200 122
::1 - - [12/Nov/2020:22:33:39 +0300] "GET /rename.php HTTP/1.1" 200 27
::1 - - [12/Nov/2020:22:34:19 +0300] "GET /rename.php HTTP/1.1" 200 231
::1 - - [12/Nov/2020:22:34:47 +0300] "GET /rename.php HTTP/1.1" 200 27
::1 - - [12/Nov/2020:22:34:49 +0300] "GET /rename.php HTTP/1.1" 200 27
::1 - - [12/Nov/2020:22:34:50 +0300] "GET /rename.php HTTP/1.1" 200 27
::1 - - [12/Nov/2020:22:34:51 +0300] "GET /rename.php HTTP/1.1" 200 27
::1 - - [12/Nov/2020:22:34:52 +0300] "GET /rename.php HTTP/1.1" 200 27
::1 - - [12/Nov/2020:22:34:53 +0300] "GET /rename.php HTTP/1.1" 200 27
::1 - - [12/Nov/2020:22:34:55 +0300] "GET /rename.php HTTP/1.1" 200 27
::1 - - [12/Nov/2020:22:34:57 +0300] "GET /rename.php HTTP/1.1" 200 27
::1 - - [12/Nov/2020:22:35:10 +0300] "GET /rename.php HTTP/1.1" 200 136
::1 - - [12/Nov/2020:22:35:12 +0300] "GET /rename.php HTTP/1.1" 200 136
::1 - - [12/Nov/2020:22:35:13 +0300] "GET /rename.php HTTP/1.1" 200 136
::1 - - [12/Nov/2020:22:35:19 +0300] "GET /rename.php HTTP/1.1" 200 136
::1 - - [12/Nov/2020:22:35:20 +0300] "GET /rename.php HTTP/1.1" 200 136
::1 - - [12/Nov/2020:22:35:21 +0300] "GET /rename.php HTTP/1.1" 200 136
::1 - - [12/Nov/2020:22:35:22 +0300] "GET /rename.php HTTP/1.1" 200 136
::1 - - [12/Nov/2020:22:37:20 +0300] "GET /rename.php HTTP/1.1" 200 136
::1 - - [12/Nov/2020:22:37:29 +0300] "GET /rename.php HTTP/1.1" 200 27
::1 - - [12/Nov/2020:22:37:31 +0300] "GET /rename.php HTTP/1.1" 200 27
::1 - - [12/Nov/2020:22:37:32 +0300] "GET /rename.php HTTP/1.1" 200 27
::1 - - [12/Nov/2020:22:37:33 +0300] "GET /rename.php HTTP/1.1" 200 27
::1 - - [12/Nov/2020:22:37:35 +0300] "GET /rename.php HTTP/1.1" 200 27
::1 - - [12/Nov/2020:22:37:36 +0300] "GET /rename.php HTTP/1.1" 200 27
::1 - - [12/Nov/2020:22:37:36 +0300] "GET /rename.php HTTP/1.1" 200 27
::1 - - [12/Nov/2020:22:37:37 +0300] "GET /rename.php HTTP/1.1" 200 27
::1 - - [12/Nov/2020:22:37:37 +0300] "GET /rename.php HTTP/1.1" 200 27
::1 - - [12/Nov/2020:22:37:38 +0300] "GET /rename.php HTTP/1.1" 200 27
::1 - - [12/Nov/2020:22:37:39 +0300] "GET /rename.php HTTP/1.1" 200 27
::1 - - [12/Nov/2020:22:38:23 +0300] "GET /rename.php HTTP/1.1" 200 27
::1 - - [12/Nov/2020:22:38:24 +0300] "GET /rename.php HTTP/1.1" 200 27
::1 - - [12/Nov/2020:22:38:25 +0300] "GET /rename.php HTTP/1.1" 200 27
::1 - - [12/Nov/2020:22:38:40 +0300] "GET /rename.php HTTP/1.1" 200 28
::1 - - [12/Nov/2020:22:38:44 +0300] "GET /rename.php HTTP/1.1" 200 28
::1 - - [12/Nov/2020:22:38:45 +0300] "GET /rename.php HTTP/1.1" 200 28
::1 - - [12/Nov/2020:22:39:03 +0300] "GET /rename.php HTTP/1.1" 200 34
::1 - - [12/Nov/2020:22:40:09 +0300] "GET /rename.php HTTP/1.1" 200 27
::1 - - [12/Nov/2020:22:41:43 +0300] "GET /rename.php HTTP/1.1" 200 193
::1 - - [12/Nov/2020:22:41:59 +0300] "GET /rename.php HTTP/1.1" 200 36
::1 - - [12/Nov/2020:22:42:12 +0300] "GET /rename.php HTTP/1.1" 200 220
::1 - - [12/Nov/2020:22:44:34 +0300] "GET /rename.php HTTP/1.1" 200 22
::1 - - [12/Nov/2020:22:45:59 +0300] "GET /rename.php HTTP/1.1" 200 28
::1 - - [12/Nov/2020:22:46:09 +0300] "GET /rename.php HTTP/1.1" 200 157
::1 - - [12/Nov/2020:22:47:26 +0300] "GET /rename.php HTTP/1.1" 200 28
::1 - - [12/Nov/2020:22:47:30 +0300] "GET /rename.php HTTP/1.1" 200 177
::1 - - [12/Nov/2020:22:48:14 +0300] "GET /rename.php HTTP/1.1" 200 13
::1 - - [12/Nov/2020:22:53:02 +0300] "GET /rename.php HTTP/1.1" 200 137
::1 - - [12/Nov/2020:22:53:26 +0300] "GET /rename.php HTTP/1.1" 200 423
::1 - - [12/Nov/2020:22:53:45 +0300] "GET /rename.php HTTP/1.1" 200 470
::1 - - [12/Nov/2020:22:54:41 +0300] "GET /rename.php HTTP/1.1" 200 423
::1 - - [12/Nov/2020:22:55:02 +0300] "GET /rename.php HTTP/1.1" 200 428
::1 - - [13/Nov/2020:19:19:04 +0300] "GET / HTTP/1.1" 200 617
::1 - - [13/Nov/2020:19:19:05 +0300] "GET /favicon.ico HTTP/1.1" 404 196
::1 - - [13/Nov/2020:19:19:19 +0300] "GET /flock.php HTTP/1.1" 200 -
::1 - - [13/Nov/2020:19:20:17 +0300] "GET /flock.php HTTP/1.1" 200 -
::1 - - [13/Nov/2020:19:20:18 +0300] "GET /flock.php HTTP/1.1" 200 -
::1 - - [13/Nov/2020:19:20:19 +0300] "GET /flock.php HTTP/1.1" 200 -
::1 - - [13/Nov/2020:19:20:20 +0300] "GET /flock.php HTTP/1.1" 200 -
::1 - - [13/Nov/2020:19:20:22 +0300] "GET /flock.php HTTP/1.1" 200 -
::1 - - [13/Nov/2020:19:20:22 +0300] "GET /flock.php HTTP/1.1" 200 -
::1 - - [13/Nov/2020:19:20:43 +0300] "GET /flock.php HTTP/1.1" 200 -
::1 - - [13/Nov/2020:19:20:44 +0300] "GET /flock.php HTTP/1.1" 200 -
::1 - - [13/Nov/2020:19:20:44 +0300] "GET /flock.php HTTP/1.1" 200 -
::1 - - [13/Nov/2020:19:21:37 +0300] "GET /flock.php HTTP/1.1" 200 150
::1 - - [13/Nov/2020:19:21:54 +0300] "GET /flock.php HTTP/1.1" 200 -
::1 - - [13/Nov/2020:19:22:02 +0300] "GET /flock.php HTTP/1.1" 200 -
::1 - - [13/Nov/2020:19:22:03 +0300] "GET /flock.php HTTP/1.1" 200 -
::1 - - [13/Nov/2020:19:23:37 +0300] "GET /flock.php HTTP/1.1" 200 127
::1 - - [13/Nov/2020:19:23:48 +0300] "GET /flock.php HTTP/1.1" 200 -
::1 - - [13/Nov/2020:19:23:53 +0300] "GET /flock.php HTTP/1.1" 200 -
::1 - - [13/Nov/2020:19:23:54 +0300] "GET /flock.php HTTP/1.1" 200 -
::1 - - [13/Nov/2020:19:24:34 +0300] "GET /flock.php HTTP/1.1" 200 -
::1 - - [13/Nov/2020:19:24:39 +0300] "GET /flock.php HTTP/1.1" 200 -
::1 - - [13/Nov/2020:19:24:40 +0300] "GET /flock.php HTTP/1.1" 200 -
::1 - - [13/Nov/2020:19:24:41 +0300] "GET /flock.php HTTP/1.1" 200 -
::1 - - [13/Nov/2020:19:27:40 +0300] "GET /flock.php HTTP/1.1" 200 279
::1 - - [13/Nov/2020:19:28:42 +0300] "GET /flock.php HTTP/1.1" 200 -
::1 - - [13/Nov/2020:19:28:48 +0300] "GET /flock.php HTTP/1.1" 200 -
::1 - - [13/Nov/2020:19:28:58 +0300] "GET /flock.php HTTP/1.1" 200 -
::1 - - [13/Nov/2020:19:29:10 +0300] "GET /flock.php HTTP/1.1" 200 -
::1 - - [13/Nov/2020:19:29:11 +0300] "GET /flock.php HTTP/1.1" 200 -
::1 - - [13/Nov/2020:20:54:19 +0300] "GET / HTTP/1.1" 200 617
::1 - - [13/Nov/2020:20:54:25 +0300] "GET /index2.html HTTP/1.1" 200 9152
::1 - - [14/Nov/2020:20:18:00 +0300] "GET / HTTP/1.1" 200 617
::1 - - [14/Nov/2020:20:18:13 +0300] "GET /upload.php HTTP/1.1" 200 437
::1 - - [14/Nov/2020:20:18:32 +0300] "POST /upload.php HTTP/1.1" 200 462
::1 - - [14/Nov/2020:20:19:19 +0300] "POST /upload.php HTTP/1.1" 200 462
::1 - - [14/Nov/2020:20:19:38 +0300] "POST /upload.php HTTP/1.1" 200 576
::1 - - [14/Nov/2020:20:20:22 +0300] "POST /upload.php HTTP/1.1" 200 576
::1 - - [14/Nov/2020:20:20:36 +0300] "POST /upload.php HTTP/1.1" 200 462
::1 - - [14/Nov/2020:20:20:59 +0300] "POST /upload.php HTTP/1.1" 200 462
127.0.0.1 - - [14/Nov/2020:20:36:11 +0300] "GET /upload.php HTTP/1.1" 200 437
::1 - - [14/Nov/2020:20:36:12 +0300] "GET /favicon.ico HTTP/1.1" 404 196
::1 - - [14/Nov/2020:20:36:53 +0300] "POST /upload.php HTTP/1.1" 200 462
::1 - - [14/Nov/2020:20:38:26 +0300] "GET /upload.php HTTP/1.1" 200 437
::1 - - [14/Nov/2020:20:38:30 +0300] "POST /upload.php HTTP/1.1" 200 437
::1 - - [14/Nov/2020:20:38:32 +0300] "POST /upload.php HTTP/1.1" 200 437
::1 - - [14/Nov/2020:20:38:40 +0300] "POST /upload.php HTTP/1.1" 200 462
::1 - - [14/Nov/2020:20:38:43 +0300] "POST /upload.php HTTP/1.1" 200 462
::1 - - [14/Nov/2020:20:38:48 +0300] "POST /upload.php HTTP/1.1" 200 462
::1 - - [14/Nov/2020:20:47:58 +0300] "POST /upload.php HTTP/1.1" 200 880
::1 - - [14/Nov/2020:20:48:51 +0300] "POST /upload.php HTTP/1.1" 200 880
::1 - - [14/Nov/2020:20:49:02 +0300] "POST /upload.php HTTP/1.1" 200 519
::1 - - [14/Nov/2020:20:49:20 +0300] "POST /upload.php HTTP/1.1" 200 519
::1 - - [14/Nov/2020:20:49:57 +0300] "POST /upload.php HTTP/1.1" 200 544
::1 - - [14/Nov/2020:20:50:03 +0300] "POST /upload.php HTTP/1.1" 200 544
::1 - - [14/Nov/2020:20:50:04 +0300] "POST /upload.php HTTP/1.1" 200 519
::1 - - [14/Nov/2020:20:50:08 +0300] "POST /upload.php HTTP/1.1" 200 519
::1 - - [14/Nov/2020:20:57:41 +0300] "POST /upload.php HTTP/1.1" 200 519
::1 - - [14/Nov/2020:20:57:46 +0300] "POST /upload.php HTTP/1.1" 200 544
::1 - - [14/Nov/2020:20:58:24 +0300] "POST /upload.php HTTP/1.1" 200 666
::1 - - [14/Nov/2020:20:58:41 +0300] "POST /upload.php HTTP/1.1" 200 666
::1 - - [14/Nov/2020:20:59:24 +0300] "POST /upload.php HTTP/1.1" 200 666
::1 - - [14/Nov/2020:20:59:25 +0300] "POST /upload.php HTTP/1.1" 200 666
::1 - - [14/Nov/2020:20:59:30 +0300] "POST /upload.php HTTP/1.1" 200 666
::1 - - [14/Nov/2020:20:59:53 +0300] "POST /upload.php HTTP/1.1" 200 544
::1 - - [14/Nov/2020:20:59:58 +0300] "POST /upload.php HTTP/1.1" 200 544
::1 - - [14/Nov/2020:21:00:22 +0300] "POST /upload.php HTTP/1.1" 200 544
::1 - - [14/Nov/2020:21:00:27 +0300] "POST /upload.php HTTP/1.1" 200 544
::1 - - [14/Nov/2020:21:01:59 +0300] "POST /upload.php HTTP/1.1" 200 544
::1 - - [14/Nov/2020:21:02:04 +0300] "POST /upload.php HTTP/1.1" 200 544
::1 - - [14/Nov/2020:21:02:31 +0300] "POST /upload.php HTTP/1.1" 200 594
::1 - - [14/Nov/2020:22:57:17 +0300] "GET / HTTP/1.1" 200 733
::1 - - [14/Nov/2020:22:57:28 +0300] "GET /classUser.php HTTP/1.1" 200 140
::1 - - [14/Nov/2020:22:57:38 +0300] "GET /classUser.php HTTP/1.1" 200 363
::1 - - [14/Nov/2020:22:58:30 +0300] "GET /classUser.php HTTP/1.1" 200 87
::1 - - [14/Nov/2020:22:59:12 +0300] "GET /classUser.php HTTP/1.1" 200 120
::1 - - [14/Nov/2020:23:01:07 +0300] "GET /classUser.php HTTP/1.1" 200 120
::1 - - [14/Nov/2020:23:02:15 +0300] "GET /classUser.php HTTP/1.1" 200 120
::1 - - [14/Nov/2020:23:02:22 +0300] "GET /classUser.php HTTP/1.1" 200 120
::1 - - [14/Nov/2020:23:02:24 +0300] "GET /classUser.php HTTP/1.1" 200 120
::1 - - [14/Nov/2020:23:02:38 +0300] "GET /classUser.php HTTP/1.1" 200 124
::1 - - [14/Nov/2020:23:02:50 +0300] "GET /classUser.php HTTP/1.1" 200 129
::1 - - [15/Nov/2020:09:32:05 +0300] "GET /classUser.php HTTP/1.1" 200 129
::1 - - [15/Nov/2020:19:55:42 +0300] "GET / HTTP/1.1" 200 848
::1 - - [15/Nov/2020:19:55:43 +0300] "GET /favicon.ico HTTP/1.1" 404 196
::1 - - [15/Nov/2020:19:56:00 +0300] "GET / HTTP/1.1" 200 848
::1 - - [15/Nov/2020:19:56:40 +0300] "GET / HTTP/1.1" 200 848
::1 - - [15/Nov/2020:19:56:42 +0300] "GET /classUserExtends.php HTTP/1.1" 200 350
::1 - - [15/Nov/2020:19:57:35 +0300] "GET /classUserExtends.php HTTP/1.1" 200 162
::1 - - [15/Nov/2020:19:57:50 +0300] "GET /classUserExtends.php HTTP/1.1" 200 350
::1 - - [15/Nov/2020:19:58:48 +0300] "GET /classUserExtends.php HTTP/1.1" 200 59
::1 - - [15/Nov/2020:19:59:13 +0300] "GET /classUserExtends.php HTTP/1.1" 200 350
::1 - - [15/Nov/2020:19:59:53 +0300] "GET /classUserExtends.php HTTP/1.1" 200 158
::1 - - [15/Nov/2020:20:00:03 +0300] "GET /classUserExtends.php HTTP/1.1" 200 158
::1 - - [15/Nov/2020:20:00:12 +0300] "GET /classUserExtends.php HTTP/1.1" 200 350
::1 - - [15/Nov/2020:20:00:25 +0300] "GET /classUserExtends.php HTTP/1.1" 200 158
::1 - - [15/Nov/2020:20:00:30 +0300] "GET /classUserExtends.php HTTP/1.1" 200 158
::1 - - [15/Nov/2020:20:00:35 +0300] "GET /classUserExtends.php HTTP/1.1" 200 350
::1 - - [15/Nov/2020:20:01:11 +0300] "GET /classUserExtends.php HTTP/1.1" 200 157
::1 - - [15/Nov/2020:20:01:26 +0300] "GET /classUserExtends.php HTTP/1.1" 200 98
::1 - - [15/Nov/2020:20:01:38 +0300] "GET /classUserExtends.php HTTP/1.1" 200 59
::1 - - [15/Nov/2020:20:01:43 +0300] "GET /classUserExtends.php HTTP/1.1" 200 157
::1 - - [15/Nov/2020:20:02:00 +0300] "GET /classUserExtends.php HTTP/1.1" 200 160
::1 - - [15/Nov/2020:20:02:07 +0300] "GET /classUserExtends.php HTTP/1.1" 200 166
::1 - - [15/Nov/2020:20:02:20 +0300] "GET /classUserExtends.php HTTP/1.1" 200 177
::1 - - [15/Nov/2020:20:09:33 +0300] "GET /favicon.ico HTTP/1.1" 404 196
