PHP Warning:  PHP Startup: Unable to load dynamic library 'mysqli' (tried: ext\\mysqli (\xd0\x9d\xd0\xb5 \xd0\xbd\xd0\xb0\xd0\xb9\xd0\xb4\xd0\xb5\xd0\xbd \xd1\x83\xd0\xba\xd0\xb0\xd0\xb7\xd0\xb0\xd0\xbd\xd0\xbd\xd1\x8b\xd0\xb9 \xd0\xbc\xd0\xbe\xd0\xb4\xd1\x83\xd0\xbb\xd1\x8c.), ext\\php_mysqli.dll (\xd0\x9d\xd0\xb5 \xd0\xbd\xd0\xb0\xd0\xb9\xd0\xb4\xd0\xb5\xd0\xbd \xd1\x83\xd0\xba\xd0\xb0\xd0\xb7\xd0\xb0\xd0\xbd\xd0\xbd\xd1\x8b\xd0\xb9 \xd0\xbc\xd0\xbe\xd0\xb4\xd1\x83\xd0\xbb\xd1\x8c.)) in Unknown on line 0
[Thu Nov 05 02:32:56.261453 2020] [mpm_winnt:notice] [pid 6992:tid 632] AH00455: Apache/2.4.46 (Win64) PHP/7.4.12 configured -- resuming normal operations
[Thu Nov 05 02:32:56.261453 2020] [mpm_winnt:notice] [pid 6992:tid 632] AH00456: Apache Lounge VS16 Server built: Oct  2 2020 11:45:39
[Thu Nov 05 02:32:56.261453 2020] [core:notice] [pid 6992:tid 632] AH00094: Command line: 'C:\\Apache24\\bin\\httpd.exe -d C:/Apache24'
[Thu Nov 05 02:32:56.261453 2020] [mpm_winnt:notice] [pid 6992:tid 632] AH00418: Parent: Created child process 1088
PHP Warning:  PHP Startup: Unable to load dynamic library 'mysqli' (tried: ext\\mysqli (\xd0\x9d\xd0\xb5 \xd0\xbd\xd0\xb0\xd0\xb9\xd0\xb4\xd0\xb5\xd0\xbd \xd1\x83\xd0\xba\xd0\xb0\xd0\xb7\xd0\xb0\xd0\xbd\xd0\xbd\xd1\x8b\xd0\xb9 \xd0\xbc\xd0\xbe\xd0\xb4\xd1\x83\xd0\xbb\xd1\x8c.), ext\\php_mysqli.dll (\xd0\x9d\xd0\xb5 \xd0\xbd\xd0\xb0\xd0\xb9\xd0\xb4\xd0\xb5\xd0\xbd \xd1\x83\xd0\xba\xd0\xb0\xd0\xb7\xd0\xb0\xd0\xbd\xd0\xbd\xd1\x8b\xd0\xb9 \xd0\xbc\xd0\xbe\xd0\xb4\xd1\x83\xd0\xbb\xd1\x8c.)) in Unknown on line 0
[Thu Nov 05 02:32:57.058327 2020] [mpm_winnt:notice] [pid 1088:tid 588] AH00354: Child: Starting 64 worker threads.
[Thu Nov 05 02:46:02.712927 2020] [mpm_winnt:notice] [pid 6992:tid 632] AH00422: Parent: Received shutdown signal -- Shutting down the server.
[Thu Nov 05 02:46:04.759831 2020] [mpm_winnt:notice] [pid 1088:tid 588] AH00364: Child: All worker threads have exited.
[Thu Nov 05 02:46:05.541050 2020] [mpm_winnt:notice] [pid 6992:tid 632] AH00430: Parent: Child process 1088 exited successfully.
PHP Warning:  PHP Startup: Unable to load dynamic library 'mysqli' (tried: ext\\mysqli (\xd0\x9d\xd0\xb5 \xd0\xbd\xd0\xb0\xd0\xb9\xd0\xb4\xd0\xb5\xd0\xbd \xd1\x83\xd0\xba\xd0\xb0\xd0\xb7\xd0\xb0\xd0\xbd\xd0\xbd\xd1\x8b\xd0\xb9 \xd0\xbc\xd0\xbe\xd0\xb4\xd1\x83\xd0\xbb\xd1\x8c.), ext\\php_mysqli.dll (\xd0\x9d\xd0\xb5 \xd0\xbd\xd0\xb0\xd0\xb9\xd0\xb4\xd0\xb5\xd0\xbd \xd1\x83\xd0\xba\xd0\xb0\xd0\xb7\xd0\xb0\xd0\xbd\xd0\xbd\xd1\x8b\xd0\xb9 \xd0\xbc\xd0\xbe\xd0\xb4\xd1\x83\xd0\xbb\xd1\x8c.)) in Unknown on line 0
[Thu Nov 05 02:47:36.974892 2020] [mpm_winnt:notice] [pid 3948:tid 632] AH00455: Apache/2.4.46 (Win64) PHP/7.4.12 configured -- resuming normal operations
[Thu Nov 05 02:47:36.974892 2020] [mpm_winnt:notice] [pid 3948:tid 632] AH00456: Apache Lounge VS16 Server built: Oct  2 2020 11:45:39
[Thu Nov 05 02:47:36.974892 2020] [core:notice] [pid 3948:tid 632] AH00094: Command line: 'C:\\Apache24\\bin\\httpd.exe -d C:/Apache24'
[Thu Nov 05 02:47:36.974892 2020] [mpm_winnt:notice] [pid 3948:tid 632] AH00418: Parent: Created child process 5244
PHP Warning:  PHP Startup: Unable to load dynamic library 'mysqli' (tried: ext\\mysqli (\xd0\x9d\xd0\xb5 \xd0\xbd\xd0\xb0\xd0\xb9\xd0\xb4\xd0\xb5\xd0\xbd \xd1\x83\xd0\xba\xd0\xb0\xd0\xb7\xd0\xb0\xd0\xbd\xd0\xbd\xd1\x8b\xd0\xb9 \xd0\xbc\xd0\xbe\xd0\xb4\xd1\x83\xd0\xbb\xd1\x8c.), ext\\php_mysqli.dll (\xd0\x9d\xd0\xb5 \xd0\xbd\xd0\xb0\xd0\xb9\xd0\xb4\xd0\xb5\xd0\xbd \xd1\x83\xd0\xba\xd0\xb0\xd0\xb7\xd0\xb0\xd0\xbd\xd0\xbd\xd1\x8b\xd0\xb9 \xd0\xbc\xd0\xbe\xd0\xb4\xd1\x83\xd0\xbb\xd1\x8c.)) in Unknown on line 0
[Thu Nov 05 02:47:40.035077 2020] [mpm_winnt:notice] [pid 5244:tid 596] AH00354: Child: Starting 64 worker threads.
[Thu Nov 05 13:18:19.083363 2020] [php7:notice] [pid 5244:tid 1116] [client ::1:14484] PHP Notice:  Undefined offset: 4 in C:\\localhost\\index.php on line 17
[Thu Nov 05 14:14:11.044310 2020] [php7:warn] [pid 5244:tid 1116] [client ::1:10645] PHP Warning:  Use of undefined constant s - assumed 's' (this will throw an Error in a future version of PHP) in C:\\localhost\\index.php on line 19
[Thu Nov 05 14:14:39.062167 2020] [php7:error] [pid 5244:tid 1116] [client ::1:10652] PHP Parse error:  syntax error, unexpected '>' in C:\\localhost\\index.php on line 17
[Thu Nov 05 14:26:02.147967 2020] [php7:error] [pid 5244:tid 1116] [client ::1:10715] PHP Parse error:  syntax error, unexpected 'defined' (T_STRING) in C:\\localhost\\index.php on line 32
[Thu Nov 05 14:26:39.815690 2020] [php7:error] [pid 5244:tid 1116] [client ::1:10719] PHP Parse error:  syntax error, unexpected 'defined' (T_STRING) in C:\\localhost\\index.php on line 32
[Thu Nov 05 23:52:53.333433 2020] [php7:error] [pid 5244:tid 1116] [client ::1:1263] PHP Parse error:  syntax error, unexpected '}', expecting ';' or ',' in C:\\localhost\\index.php on line 49
[Fri Nov 06 23:12:11.959015 2020] [php7:error] [pid 5244:tid 1116] [client ::1:12042] PHP Parse error:  syntax error, unexpected '<' in C:\\localhost\\index.php on line 20
[Fri Nov 06 23:23:19.674296 2020] [php7:error] [pid 5244:tid 1116] [client ::1:12114] PHP Parse error:  syntax error, unexpected ',', expecting ')' in C:\\localhost\\index.php on line 17
[Fri Nov 06 23:23:34.525727 2020] [php7:error] [pid 5244:tid 1116] [client ::1:12116] PHP Parse error:  syntax error, unexpected '}', expecting ';' or ',' in C:\\localhost\\index.php on line 20
[Fri Nov 06 23:23:46.367906 2020] [php7:error] [pid 5244:tid 1116] [client ::1:12119] PHP Parse error:  syntax error, unexpected '}', expecting ';' or ',' in C:\\localhost\\index.php on line 20
[Fri Nov 06 23:24:08.424851 2020] [php7:error] [pid 5244:tid 1116] [client ::1:12124] PHP Parse error:  syntax error, unexpected ',', expecting ')' in C:\\localhost\\index.php on line 17
[Fri Nov 06 23:33:44.903523 2020] [php7:error] [pid 5244:tid 1116] [client ::1:12178] PHP Parse error:  syntax error, unexpected '}' in C:\\localhost\\index.php on line 25
[Fri Nov 06 23:33:58.855437 2020] [php7:error] [pid 5244:tid 1116] [client ::1:12182] PHP Parse error:  syntax error, unexpected '"' in C:\\localhost\\index.php on line 26
[Fri Nov 06 23:34:16.208452 2020] [php7:error] [pid 5244:tid 1116] [client ::1:12185] PHP Parse error:  syntax error, unexpected '"' in C:\\localhost\\index.php on line 26
[Fri Nov 06 23:34:58.178670 2020] [php7:notice] [pid 5244:tid 1116] [client ::1:12192] PHP Notice:  Undefined variable: result2 in C:\\localhost\\index.php on line 26
[Fri Nov 06 23:47:18.710926 2020] [php7:error] [pid 5244:tid 1116] [client ::1:12228] PHP Parse error:  syntax error, unexpected '$number' (T_VARIABLE), expecting ';' or ',' in C:\\localhost\\index.php on line 18
[Sat Nov 07 00:01:04.529014 2020] [php7:error] [pid 5244:tid 1116] [client ::1:12289] PHP Parse error:  syntax error, unexpected 'function' (T_FUNCTION) in C:\\localhost\\index.php on line 26
[Sat Nov 07 00:01:18.444916 2020] [php7:notice] [pid 5244:tid 1116] [client ::1:12292] PHP Notice:  Undefined variable: gvar in C:\\localhost\\index.php on line 28
[Sat Nov 07 00:02:34.786950 2020] [php7:notice] [pid 5244:tid 1116] [client ::1:12298] PHP Notice:  Undefined variable: gvar in C:\\localhost\\index.php on line 29
[Sat Nov 07 00:03:05.465864 2020] [php7:notice] [pid 5244:tid 1116] [client ::1:12300] PHP Notice:  Undefined variable: gvar in C:\\localhost\\index.php on line 29
[Sat Nov 07 00:03:15.297946 2020] [php7:notice] [pid 5244:tid 1116] [client ::1:12302] PHP Notice:  Undefined variable: gvar in C:\\localhost\\index.php on line 29
[Sat Nov 07 00:04:03.180933 2020] [php7:error] [pid 5244:tid 1116] [client ::1:12305] PHP Parse error:  syntax error, unexpected '$gvar' (T_VARIABLE), expecting identifier (T_STRING) in C:\\localhost\\index.php on line 24
[Sat Nov 07 00:04:15.620324 2020] [php7:notice] [pid 5244:tid 1116] [client ::1:12309] PHP Notice:  Undefined variable: gvar in C:\\localhost\\index.php on line 29
[Sat Nov 07 00:04:26.084233 2020] [php7:notice] [pid 5244:tid 1116] [client ::1:12310] PHP Notice:  Undefined variable: gvar in C:\\localhost\\index.php on line 29
[Sat Nov 07 00:04:38.815603 2020] [php7:notice] [pid 5244:tid 1116] [client ::1:12312] PHP Notice:  Undefined variable: gvar in C:\\localhost\\index.php on line 29
[Sat Nov 07 00:04:43.998432 2020] [php7:notice] [pid 5244:tid 1116] [client ::1:12314] PHP Notice:  Undefined variable: gvar in C:\\localhost\\index.php on line 29
[Sat Nov 07 00:05:10.610346 2020] [php7:notice] [pid 5244:tid 1116] [client ::1:12317] PHP Notice:  Undefined variable: gvar2 in C:\\localhost\\index.php on line 29
[Sat Nov 07 00:05:24.314736 2020] [php7:notice] [pid 5244:tid 1116] [client ::1:12320] PHP Notice:  Undefined variable: gvar2 in C:\\localhost\\index.php on line 30
[Sat Nov 07 00:05:26.394467 2020] [php7:notice] [pid 5244:tid 1116] [client ::1:12320] PHP Notice:  Undefined variable: gvar2 in C:\\localhost\\index.php on line 30
[Sat Nov 07 00:05:33.683908 2020] [php7:notice] [pid 5244:tid 1116] [client ::1:12321] PHP Notice:  Undefined variable: gvar2 in C:\\localhost\\index.php on line 30
[Sat Nov 07 00:05:41.726597 2020] [php7:notice] [pid 5244:tid 1116] [client ::1:12324] PHP Notice:  Undefined variable: gvar2 in C:\\localhost\\index.php on line 30
[Sat Nov 07 00:06:03.948490 2020] [php7:warn] [pid 5244:tid 1116] [client ::1:12328] PHP Warning:  Use of undefined constant undefined - assumed 'undefined' (this will throw an Error in a future version of PHP) in C:\\localhost\\index.php on line 29
[Sat Nov 07 00:07:44.592456 2020] [php7:error] [pid 5244:tid 1116] [client ::1:12348] PHP Parse error:  syntax error, unexpected '=', expecting ';' or ',' in C:\\localhost\\index.php on line 29
[Sat Nov 07 00:20:40.193365 2020] [php7:warn] [pid 5244:tid 1116] [client ::1:12402] PHP Warning:  include_once(factorial5.php): failed to open stream: No such file or directory in C:\\localhost\\index.php on line 17
[Sat Nov 07 00:20:40.193365 2020] [php7:warn] [pid 5244:tid 1116] [client ::1:12402] PHP Warning:  include_once(): Failed opening 'factorial5.php' for inclusion (include_path='.;C:\\php\\pear') in C:\\localhost\\index.php on line 17
[Sat Nov 07 00:20:40.197212 2020] [php7:error] [pid 5244:tid 1116] [client ::1:12402] PHP Fatal error:  Uncaught Error: Call to undefined function getFactorial() in C:\\localhost\\index.php:19\nStack trace:\n#0 {main}\n  thrown in C:\\localhost\\index.php on line 19
[Sat Nov 07 00:21:39.654864 2020] [php7:warn] [pid 5244:tid 1116] [client ::1:12408] PHP Warning:  require_once(factorial5.php): failed to open stream: No such file or directory in C:\\localhost\\index.php on line 16
[Sat Nov 07 00:21:39.654864 2020] [php7:error] [pid 5244:tid 1116] [client ::1:12408] PHP Fatal error:  require_once(): Failed opening required 'factorial5.php' (include_path='.;C:\\php\\pear') in C:\\localhost\\index.php on line 16
[Sat Nov 07 00:23:59.618298 2020] [php7:warn] [pid 5244:tid 1116] [client ::1:12415] PHP Warning:  require_once(factorial5.php): failed to open stream: No such file or directory in C:\\localhost\\index.php on line 16
[Sat Nov 07 00:23:59.618298 2020] [php7:error] [pid 5244:tid 1116] [client ::1:12415] PHP Fatal error:  require_once(): Failed opening required 'factorial5.php' (include_path='.;C:\\php\\pear') in C:\\localhost\\index.php on line 16
[Sat Nov 07 00:24:10.718286 2020] [php7:warn] [pid 5244:tid 1116] [client ::1:12418] PHP Warning:  include_once(factorial5.php): failed to open stream: No such file or directory in C:\\localhost\\index.php on line 17
[Sat Nov 07 00:24:10.718286 2020] [php7:warn] [pid 5244:tid 1116] [client ::1:12418] PHP Warning:  include_once(): Failed opening 'factorial5.php' for inclusion (include_path='.;C:\\php\\pear') in C:\\localhost\\index.php on line 17
[Sat Nov 07 00:24:10.718286 2020] [php7:error] [pid 5244:tid 1116] [client ::1:12418] PHP Fatal error:  Uncaught Error: Call to undefined function getFactorial() in C:\\localhost\\index.php:19\nStack trace:\n#0 {main}\n  thrown in C:\\localhost\\index.php on line 19
[Sat Nov 07 19:36:53.753521 2020] [php7:error] [pid 5244:tid 1116] [client ::1:8842] PHP Parse error:  syntax error, unexpected 'require_once' (T_REQUIRE_ONCE) in C:\\localhost\\index.php on line 38
[Sat Nov 07 19:42:04.120470 2020] [php7:error] [pid 5244:tid 1116] [client ::1:9008] PHP Parse error:  syntax error, unexpected '}', expecting ';' or ',' in C:\\localhost\\index.php on line 24
[Sat Nov 07 19:42:54.543890 2020] [php7:error] [pid 5244:tid 1116] [client ::1:9035] PHP Parse error:  syntax error, unexpected '$phones' (T_VARIABLE) in C:\\localhost\\index.php on line 28
[Sat Nov 07 19:45:39.512320 2020] [php7:notice] [pid 5244:tid 1116] [client ::1:9086] PHP Notice:  Undefined offset: 3 in C:\\localhost\\index.php on line 23
[Sat Nov 07 19:46:01.392623 2020] [php7:notice] [pid 5244:tid 1116] [client ::1:9090] PHP Notice:  Undefined offset: 3 in C:\\localhost\\index.php on line 23
[Sat Nov 07 19:49:18.488292 2020] [php7:notice] [pid 5244:tid 1116] [client ::1:9108] PHP Notice:  Array to string conversion in C:\\localhost\\index.php on line 29
[Sat Nov 07 19:49:59.440166 2020] [php7:error] [pid 5244:tid 1116] [client ::1:9112] PHP Parse error:  syntax error, unexpected 'print_r' (T_STRING) in C:\\localhost\\index.php on line 30
[Sat Nov 07 20:15:46.946593 2020] [php7:error] [pid 5244:tid 1116] [client ::1:2001] PHP Parse error:  syntax error, unexpected 'require_once' (T_REQUIRE_ONCE), expecting ';' or ',' in C:\\localhost\\index.php on line 26
[Sat Nov 07 20:15:51.821589 2020] [php7:error] [pid 5244:tid 1116] [client ::1:2001] PHP Parse error:  syntax error, unexpected 'require_once' (T_REQUIRE_ONCE), expecting ';' or ',' in C:\\localhost\\index.php on line 26
[Sat Nov 07 20:17:29.905711 2020] [php7:notice] [pid 5244:tid 1116] [client ::1:2113] PHP Notice:  Undefined variable: itmem in C:\\localhost\\index.php on line 22
[Sat Nov 07 20:17:29.905711 2020] [php7:notice] [pid 5244:tid 1116] [client ::1:2113] PHP Notice:  Undefined variable: itmem in C:\\localhost\\index.php on line 22
[Sat Nov 07 20:17:29.905711 2020] [php7:notice] [pid 5244:tid 1116] [client ::1:2113] PHP Notice:  Undefined variable: itmem in C:\\localhost\\index.php on line 22
[Sat Nov 07 20:17:29.905711 2020] [php7:notice] [pid 5244:tid 1116] [client ::1:2113] PHP Notice:  Undefined variable: itmem in C:\\localhost\\index.php on line 22
[Sat Nov 07 20:20:08.475944 2020] [php7:error] [pid 5244:tid 1116] [client ::1:2127] PHP Parse error:  syntax error, unexpected 'while' (T_WHILE), expecting ';' or ',' in C:\\localhost\\index.php on line 24
[Sat Nov 07 20:20:17.630906 2020] [php7:error] [pid 5244:tid 1116] [client ::1:2128] PHP Parse error:  syntax error, unexpected 'while' (T_WHILE), expecting ';' or ',' in C:\\localhost\\index.php on line 24
[Sat Nov 07 20:20:38.510743 2020] [php7:notice] [pid 5244:tid 1116] [client ::1:2131] PHP Deprecated:  The each() function is deprecated. This message will be suppressed on further calls in C:\\localhost\\index.php on line 24
[Sat Nov 07 20:21:43.334635 2020] [php7:notice] [pid 5244:tid 1116] [client ::1:2135] PHP Deprecated:  The each() function is deprecated. This message will be suppressed on further calls in C:\\localhost\\index.php on line 24
[Sat Nov 07 20:21:44.498416 2020] [php7:notice] [pid 5244:tid 1116] [client ::1:2135] PHP Deprecated:  The each() function is deprecated. This message will be suppressed on further calls in C:\\localhost\\index.php on line 24
[Sat Nov 07 20:21:52.098494 2020] [php7:notice] [pid 5244:tid 1116] [client ::1:2136] PHP Deprecated:  The each() function is deprecated. This message will be suppressed on further calls in C:\\localhost\\index.php on line 25
[Sat Nov 07 20:21:54.280255 2020] [php7:notice] [pid 5244:tid 1116] [client ::1:2136] PHP Deprecated:  The each() function is deprecated. This message will be suppressed on further calls in C:\\localhost\\index.php on line 25
[Sat Nov 07 20:29:15.269955 2020] [php7:error] [pid 5244:tid 1116] [client ::1:2170] PHP Fatal error:  Cannot use empty array elements in arrays in C:\\localhost\\index.php on line 27
[Sat Nov 07 20:29:21.345827 2020] [php7:error] [pid 5244:tid 1116] [client ::1:2172] PHP Fatal error:  Cannot use empty array elements in arrays in C:\\localhost\\index.php on line 27
[Sat Nov 07 20:29:28.359666 2020] [php7:error] [pid 5244:tid 1116] [client ::1:2172] PHP Parse error:  syntax error, unexpected '"nokia"' (T_CONSTANT_ENCAPSED_STRING), expecting ')' in C:\\localhost\\index.php on line 28
[Sat Nov 07 20:29:59.291521 2020] [php7:error] [pid 5244:tid 1116] [client ::1:2176] PHP Fatal error:  Cannot use empty array elements in arrays in C:\\localhost\\index.php on line 27
[Sun Nov 08 10:04:49.696793 2020] [mpm_winnt:notice] [pid 3948:tid 632] AH00422: Parent: Received shutdown signal -- Shutting down the server.
[Sun Nov 08 10:04:51.743671 2020] [mpm_winnt:notice] [pid 5244:tid 596] AH00364: Child: All worker threads have exited.
[Sun Nov 08 10:04:52.446794 2020] [mpm_winnt:notice] [pid 3948:tid 632] AH00430: Parent: Child process 5244 exited successfully.
PHP Warning:  PHP Startup: Unable to load dynamic library 'mysqli' (tried: ext\\mysqli (\xd0\x9d\xd0\xb5 \xd0\xbd\xd0\xb0\xd0\xb9\xd0\xb4\xd0\xb5\xd0\xbd \xd1\x83\xd0\xba\xd0\xb0\xd0\xb7\xd0\xb0\xd0\xbd\xd0\xbd\xd1\x8b\xd0\xb9 \xd0\xbc\xd0\xbe\xd0\xb4\xd1\x83\xd0\xbb\xd1\x8c.), ext\\php_mysqli.dll (\xd0\x9d\xd0\xb5 \xd0\xbd\xd0\xb0\xd0\xb9\xd0\xb4\xd0\xb5\xd0\xbd \xd1\x83\xd0\xba\xd0\xb0\xd0\xb7\xd0\xb0\xd0\xbd\xd0\xbd\xd1\x8b\xd0\xb9 \xd0\xbc\xd0\xbe\xd0\xb4\xd1\x83\xd0\xbb\xd1\x8c.)) in Unknown on line 0
[Sun Nov 08 10:05:31.884423 2020] [mpm_winnt:notice] [pid 3144:tid 636] AH00455: Apache/2.4.46 (Win64) PHP/7.4.12 configured -- resuming normal operations
[Sun Nov 08 10:05:31.884423 2020] [mpm_winnt:notice] [pid 3144:tid 636] AH00456: Apache Lounge VS16 Server built: Oct  2 2020 11:45:39
[Sun Nov 08 10:05:31.884423 2020] [core:notice] [pid 3144:tid 636] AH00094: Command line: 'C:\\Apache24\\bin\\httpd.exe -d C:/Apache24'
[Sun Nov 08 10:05:31.884423 2020] [mpm_winnt:notice] [pid 3144:tid 636] AH00418: Parent: Created child process 5388
PHP Warning:  PHP Startup: Unable to load dynamic library 'mysqli' (tried: ext\\mysqli (\xd0\x9d\xd0\xb5 \xd0\xbd\xd0\xb0\xd0\xb9\xd0\xb4\xd0\xb5\xd0\xbd \xd1\x83\xd0\xba\xd0\xb0\xd0\xb7\xd0\xb0\xd0\xbd\xd0\xbd\xd1\x8b\xd0\xb9 \xd0\xbc\xd0\xbe\xd0\xb4\xd1\x83\xd0\xbb\xd1\x8c.), ext\\php_mysqli.dll (\xd0\x9d\xd0\xb5 \xd0\xbd\xd0\xb0\xd0\xb9\xd0\xb4\xd0\xb5\xd0\xbd \xd1\x83\xd0\xba\xd0\xb0\xd0\xb7\xd0\xb0\xd0\xbd\xd0\xbd\xd1\x8b\xd0\xb9 \xd0\xbc\xd0\xbe\xd0\xb4\xd1\x83\xd0\xbb\xd1\x8c.)) in Unknown on line 0
[Sun Nov 08 10:05:34.511961 2020] [mpm_winnt:notice] [pid 5388:tid 596] AH00354: Child: Starting 64 worker threads.
[Sun Nov 08 17:34:57.175472 2020] [php7:notice] [pid 5388:tid 1116] [client ::1:5956] PHP Notice:  Undefined variable: phones in C:\\localhost\\index.php on line 17
[Sun Nov 08 17:35:48.567261 2020] [php7:notice] [pid 5388:tid 1116] [client ::1:6255] PHP Notice:  Undefined variable: technics in C:\\localhost\\index.php on line 25
[Sun Nov 08 17:37:09.059011 2020] [php7:error] [pid 5388:tid 1116] [client ::1:6661] PHP Parse error:  syntax error, unexpected '$isar' (T_VARIABLE) in C:\\localhost\\index.php on line 27
[Sun Nov 08 17:45:23.599792 2020] [php7:notice] [pid 5388:tid 1116] [client ::1:9138] PHP Notice:  compact(): Undefined variable: year in C:\\localhost\\index.php on line 20
[Sun Nov 08 17:46:24.741627 2020] [php7:error] [pid 5388:tid 1116] [client ::1:9428] PHP Parse error:  syntax error, unexpected '$data' (T_VARIABLE), expecting ';' or ',' in C:\\localhost\\index.php on line 21
[Sun Nov 08 17:48:37.489312 2020] [php7:notice] [pid 5388:tid 1116] [client ::1:10124] PHP Notice:  Undefined variable: data in C:\\localhost\\index.php on line 21
[Sun Nov 08 17:54:13.163338 2020] [php7:error] [pid 5388:tid 1116] [client ::1:11797] PHP Parse error:  syntax error, unexpected '"samsung"' (T_CONSTANT_ENCAPSED_STRING), expecting ')' in C:\\localhost\\index.php on line 211
[Sun Nov 08 17:56:21.492318 2020] [php7:error] [pid 5388:tid 1116] [client ::1:12450] PHP Parse error:  syntax error, unexpected '"samsung"' (T_CONSTANT_ENCAPSED_STRING), expecting ')' in C:\\localhost\\index.php on line 17
[Sun Nov 08 17:57:08.931177 2020] [php7:error] [pid 5388:tid 1116] [client ::1:12703] PHP Parse error:  syntax error, unexpected 'echo' (T_ECHO) in C:\\localhost\\index.php on line 18
[Sun Nov 08 17:57:59.067164 2020] [php7:error] [pid 5388:tid 1116] [client ::1:12949] PHP Parse error:  syntax error, unexpected 'echo' (T_ECHO) in C:\\localhost\\index.php on line 33
[Sun Nov 08 17:58:16.376254 2020] [php7:error] [pid 5388:tid 1116] [client ::1:13006] PHP Parse error:  syntax error, unexpected '"samsung"' (T_CONSTANT_ENCAPSED_STRING), expecting ')' in C:\\localhost\\index.php on line 17
[Sun Nov 08 17:58:31.519427 2020] [php7:error] [pid 5388:tid 1116] [client ::1:13123] PHP Parse error:  syntax error, unexpected '"samsung"' (T_CONSTANT_ENCAPSED_STRING), expecting ')' in C:\\localhost\\index.php on line 17
[Sun Nov 08 17:58:44.348856 2020] [php7:error] [pid 5388:tid 1116] [client ::1:13180] PHP Parse error:  syntax error, unexpected 'echo' (T_ECHO) in C:\\localhost\\index.php on line 19
[Sun Nov 08 17:59:05.817242 2020] [php7:error] [pid 5388:tid 1116] [client ::1:13265] PHP Parse error:  syntax error, unexpected 'echo' (T_ECHO) in C:\\localhost\\index.php on line 19
[Sun Nov 08 20:04:07.667028 2020] [php7:error] [pid 5388:tid 1116] [client ::1:13715] PHP Parse error:  syntax error, unexpected '$tablets' (T_VARIABLE), expecting ';' or ',' in C:\\localhost\\index.php on line 21
[Sun Nov 08 20:04:11.544436 2020] [php7:error] [pid 5388:tid 1116] [client ::1:13715] PHP Parse error:  syntax error, unexpected '$tablets' (T_VARIABLE), expecting ';' or ',' in C:\\localhost\\index.php on line 21
[Mon Nov 09 20:47:16.862548 2020] [php7:error] [pid 5388:tid 1116] [client ::1:4116] script 'C:/localhost/get.php' not found or unable to stat, referer: http://localhost:8080/
[Mon Nov 09 20:51:41.684335 2020] [php7:error] [pid 5388:tid 1116] [client ::1:4140] PHP Parse error:  syntax error, unexpected '}' in C:\\localhost\\get.php on line 12, referer: http://localhost:8080/
[Mon Nov 09 21:06:24.239970 2020] [php7:error] [pid 5388:tid 1116] [client ::1:4203] PHP Parse error:  syntax error, unexpected '}', expecting ';' or ',' in C:\\localhost\\form.php on line 19, referer: http://localhost:8080/form.php
[Mon Nov 09 21:06:31.810298 2020] [php7:error] [pid 5388:tid 1116] [client ::1:4204] PHP Fatal error:  Uncaught Error: Function name must be a string in C:\\localhost\\form.php:17\nStack trace:\n#0 {main}\n  thrown in C:\\localhost\\form.php on line 17, referer: http://localhost:8080/form.php
[Mon Nov 09 21:08:11.220704 2020] [php7:error] [pid 5388:tid 1116] [client ::1:4210] PHP Fatal error:  Uncaught Error: Array callback has to contain indices 0 and 1 in C:\\localhost\\get.php:15\nStack trace:\n#0 {main}\n  thrown in C:\\localhost\\get.php on line 15, referer: http://localhost:8080/
[Mon Nov 09 21:09:11.504424 2020] [php7:error] [pid 5388:tid 1116] [client ::1:4213] PHP Fatal error:  Uncaught Error: Array callback has to contain indices 0 and 1 in C:\\localhost\\get.php:15\nStack trace:\n#0 {main}\n  thrown in C:\\localhost\\get.php on line 15, referer: http://localhost:8080/
[Mon Nov 09 21:09:12.760505 2020] [php7:error] [pid 5388:tid 1116] [client ::1:4213] PHP Fatal error:  Uncaught Error: Array callback has to contain indices 0 and 1 in C:\\localhost\\get.php:15\nStack trace:\n#0 {main}\n  thrown in C:\\localhost\\get.php on line 15, referer: http://localhost:8080/
[Mon Nov 09 21:09:17.302799 2020] [php7:error] [pid 5388:tid 1116] [client ::1:4214] PHP Fatal error:  Uncaught Error: Array callback has to contain indices 0 and 1 in C:\\localhost\\get.php:15\nStack trace:\n#0 {main}\n  thrown in C:\\localhost\\get.php on line 15, referer: http://localhost:8080/
[Mon Nov 09 21:09:57.211546 2020] [php7:error] [pid 5388:tid 1116] [client ::1:4218] PHP Fatal error:  Uncaught Error: Array callback has to contain indices 0 and 1 in C:\\localhost\\get.php:15\nStack trace:\n#0 {main}\n  thrown in C:\\localhost\\get.php on line 15, referer: http://localhost:8080/
[Mon Nov 09 21:10:24.753571 2020] [php7:notice] [pid 5388:tid 1116] [client ::1:4221] PHP Notice:  Undefined index: remember in C:\\localhost\\get.php on line 15, referer: http://localhost:8080/
[Mon Nov 09 21:11:50.468156 2020] [php7:notice] [pid 5388:tid 1116] [client ::1:4226] PHP Notice:  Undefined index: remember in C:\\localhost\\form.php on line 17, referer: http://localhost:8080/form.php
[Mon Nov 09 21:11:56.885893 2020] [php7:notice] [pid 5388:tid 1116] [client ::1:4226] PHP Notice:  Undefined index: remember in C:\\localhost\\form.php on line 17, referer: http://localhost:8080/form.php
[Mon Nov 09 21:12:15.848239 2020] [php7:notice] [pid 5388:tid 1116] [client ::1:4229] PHP Notice:  Undefined index: remember in C:\\localhost\\get.php on line 15, referer: http://localhost:8080/
[Mon Nov 09 21:12:31.830837 2020] [php7:notice] [pid 5388:tid 1116] [client ::1:4230] PHP Notice:  Undefined index: remember in C:\\localhost\\get.php on line 15, referer: http://localhost:8080/get.php?login=&age=&remember=1
[Mon Nov 09 21:23:37.962762 2020] [php7:error] [pid 5388:tid 1116] [client ::1:4353] PHP Parse error:  syntax error, unexpected '}', expecting ';' or ',' in C:\\localhost\\form.php on line 25, referer: http://localhost:8080/form.php
[Mon Nov 09 21:23:57.403348 2020] [php7:notice] [pid 5388:tid 1116] [client ::1:4365] PHP Notice:  Undefined index: technologies in C:\\localhost\\form.php on line 23, referer: http://localhost:8080/form.php
[Mon Nov 09 21:23:57.404348 2020] [php7:warn] [pid 5388:tid 1116] [client ::1:4365] PHP Warning:  Invalid argument supplied for foreach() in C:\\localhost\\form.php on line 24, referer: http://localhost:8080/form.php
[Mon Nov 09 21:25:43.093187 2020] [mpm_winnt:notice] [pid 3144:tid 636] AH00422: Parent: Received shutdown signal -- Shutting down the server.
[Mon Nov 09 21:25:45.117284 2020] [mpm_winnt:notice] [pid 5388:tid 596] AH00364: Child: All worker threads have exited.
[Mon Nov 09 21:25:45.997422 2020] [mpm_winnt:notice] [pid 3144:tid 636] AH00430: Parent: Child process 5388 exited successfully.
PHP Warning:  PHP Startup: Unable to load dynamic library 'mysqli' (tried: ext\\mysqli (\xd0\x9d\xd0\xb5 \xd0\xbd\xd0\xb0\xd0\xb9\xd0\xb4\xd0\xb5\xd0\xbd \xd1\x83\xd0\xba\xd0\xb0\xd0\xb7\xd0\xb0\xd0\xbd\xd0\xbd\xd1\x8b\xd0\xb9 \xd0\xbc\xd0\xbe\xd0\xb4\xd1\x83\xd0\xbb\xd1\x8c.), ext\\php_mysqli.dll (\xd0\x9d\xd0\xb5 \xd0\xbd\xd0\xb0\xd0\xb9\xd0\xb4\xd0\xb5\xd0\xbd \xd1\x83\xd0\xba\xd0\xb0\xd0\xb7\xd0\xb0\xd0\xbd\xd0\xbd\xd1\x8b\xd0\xb9 \xd0\xbc\xd0\xbe\xd0\xb4\xd1\x83\xd0\xbb\xd1\x8c.)) in Unknown on line 0
[Mon Nov 09 21:26:00.474657 2020] [mpm_winnt:notice] [pid 12304:tid 632] AH00455: Apache/2.4.46 (Win64) PHP/7.4.12 configured -- resuming normal operations
[Mon Nov 09 21:26:00.475659 2020] [mpm_winnt:notice] [pid 12304:tid 632] AH00456: Apache Lounge VS16 Server built: Oct  2 2020 11:45:39
[Mon Nov 09 21:26:00.475659 2020] [core:notice] [pid 12304:tid 632] AH00094: Command line: 'C:\\Apache24\\bin\\httpd.exe -d C:/Apache24'
[Mon Nov 09 21:26:00.517658 2020] [mpm_winnt:notice] [pid 12304:tid 632] AH00418: Parent: Created child process 4368
PHP Warning:  PHP Startup: Unable to load dynamic library 'mysqli' (tried: ext\\mysqli (\xd0\x9d\xd0\xb5 \xd0\xbd\xd0\xb0\xd0\xb9\xd0\xb4\xd0\xb5\xd0\xbd \xd1\x83\xd0\xba\xd0\xb0\xd0\xb7\xd0\xb0\xd0\xbd\xd0\xbd\xd1\x8b\xd0\xb9 \xd0\xbc\xd0\xbe\xd0\xb4\xd1\x83\xd0\xbb\xd1\x8c.), ext\\php_mysqli.dll (\xd0\x9d\xd0\xb5 \xd0\xbd\xd0\xb0\xd0\xb9\xd0\xb4\xd0\xb5\xd0\xbd \xd1\x83\xd0\xba\xd0\xb0\xd0\xb7\xd0\xb0\xd0\xbd\xd0\xbd\xd1\x8b\xd0\xb9 \xd0\xbc\xd0\xbe\xd0\xb4\xd1\x83\xd0\xbb\xd1\x8c.)) in Unknown on line 0
[Mon Nov 09 21:26:01.506656 2020] [mpm_winnt:notice] [pid 4368:tid 588] AH00354: Child: Starting 64 worker threads.
[Mon Nov 09 21:26:39.506964 2020] [php7:notice] [pid 4368:tid 1116] [client ::1:4455] PHP Notice:  Undefined index: technologies in C:\\localhost\\form.php on line 25, referer: http://localhost:8080/form.php
[Mon Nov 09 21:26:39.506964 2020] [php7:warn] [pid 4368:tid 1116] [client ::1:4455] PHP Warning:  Invalid argument supplied for foreach() in C:\\localhost\\form.php on line 26, referer: http://localhost:8080/form.php
[Mon Nov 09 21:26:53.316621 2020] [php7:notice] [pid 4368:tid 1116] [client ::1:4464] PHP Notice:  Undefined index: technologies in C:\\localhost\\form.php on line 25, referer: http://localhost:8080/form.php
[Mon Nov 09 21:26:53.316621 2020] [php7:warn] [pid 4368:tid 1116] [client ::1:4464] PHP Warning:  Invalid argument supplied for foreach() in C:\\localhost\\form.php on line 26, referer: http://localhost:8080/form.php
[Mon Nov 09 21:32:36.480054 2020] [php7:notice] [pid 4368:tid 1116] [client ::1:4644] PHP Notice:  Undefined index: technologies in C:\\localhost\\form.php on line 25, referer: http://localhost:8080/form.php
[Mon Nov 09 21:32:36.480054 2020] [php7:warn] [pid 4368:tid 1116] [client ::1:4644] PHP Warning:  Invalid argument supplied for foreach() in C:\\localhost\\form.php on line 26, referer: http://localhost:8080/form.php
[Mon Nov 09 21:32:46.386697 2020] [php7:notice] [pid 4368:tid 1116] [client ::1:4650] PHP Notice:  Undefined index: technologies in C:\\localhost\\form.php on line 25, referer: http://localhost:8080/form.php
[Mon Nov 09 21:32:46.386697 2020] [php7:warn] [pid 4368:tid 1116] [client ::1:4650] PHP Warning:  Invalid argument supplied for foreach() in C:\\localhost\\form.php on line 26, referer: http://localhost:8080/form.php
[Mon Nov 09 21:46:20.629992 2020] [php7:error] [pid 4368:tid 1116] [client ::1:5070] script 'C:/localhost/form2.php' not found or unable to stat, referer: http://localhost:8080/form2.php
[Mon Nov 09 21:46:22.829019 2020] [php7:error] [pid 4368:tid 1116] [client ::1:5070] script 'C:/localhost/form2.php' not found or unable to stat, referer: http://localhost:8080/form2.php
[Mon Nov 09 21:46:23.765220 2020] [php7:error] [pid 4368:tid 1116] [client ::1:5070] script 'C:/localhost/form2.php' not found or unable to stat, referer: http://localhost:8080/form2.php
[Mon Nov 09 21:46:24.637944 2020] [php7:error] [pid 4368:tid 1116] [client ::1:5070] script 'C:/localhost/form2.php' not found or unable to stat, referer: http://localhost:8080/form2.php
[Mon Nov 09 21:46:25.495788 2020] [php7:error] [pid 4368:tid 1116] [client ::1:5073] script 'C:/localhost/form2.php' not found or unable to stat, referer: http://localhost:8080/form2.php
[Mon Nov 09 21:46:26.344873 2020] [php7:error] [pid 4368:tid 1116] [client ::1:5073] script 'C:/localhost/form2.php' not found or unable to stat, referer: http://localhost:8080/form2.php
[Mon Nov 09 21:46:27.261492 2020] [php7:error] [pid 4368:tid 1116] [client ::1:5073] script 'C:/localhost/form2.php' not found or unable to stat, referer: http://localhost:8080/form2.php
[Mon Nov 09 21:46:28.028492 2020] [php7:error] [pid 4368:tid 1116] [client ::1:5073] script 'C:/localhost/form2.php' not found or unable to stat
[Mon Nov 09 21:48:10.046505 2020] [php7:error] [pid 4368:tid 1116] [client ::1:5125] PHP Parse error:  syntax error, unexpected '' (T_ENCAPSED_AND_WHITESPACE), expecting '-' or identifier (T_STRING) or variable (T_VARIABLE) or number (T_NUM_STRING) in C:\\localhost\\form.php on line 10, referer: http://localhost:8080/form.php
[Mon Nov 09 21:48:22.555404 2020] [php7:error] [pid 4368:tid 1116] [client ::1:5133] PHP Parse error:  syntax error, unexpected '' (T_ENCAPSED_AND_WHITESPACE), expecting '-' or identifier (T_STRING) or variable (T_VARIABLE) or number (T_NUM_STRING) in C:\\localhost\\form.php on line 10, referer: http://localhost:8080/form.php
[Mon Nov 09 21:49:21.754408 2020] [php7:error] [pid 4368:tid 1116] [client ::1:5168] PHP Parse error:  syntax error, unexpected '' (T_ENCAPSED_AND_WHITESPACE), expecting '-' or identifier (T_STRING) or variable (T_VARIABLE) or number (T_NUM_STRING) in C:\\localhost\\form.php on line 12, referer: http://localhost:8080/form.php
[Mon Nov 09 22:07:09.019878 2020] [php7:notice] [pid 4368:tid 1116] [client ::1:5706] PHP Notice:  Undefined index: remember in C:\\localhost\\get.php on line 15, referer: http://localhost:8080/
[Mon Nov 09 22:07:35.480011 2020] [php7:notice] [pid 4368:tid 1116] [client ::1:5722] PHP Notice:  Undefined index: remember in C:\\localhost\\get.php on line 15, referer: http://localhost:8080/
[Mon Nov 09 23:02:57.887641 2020] [php7:error] [pid 4368:tid 1116] [client ::1:7331] PHP Parse error:  syntax error, unexpected '\xd0\x92\xd0\xb2\xd0\xb5\xd0\xb4\xd1\x91\xd0\xbd\xd0\xbd\xd1\x8b\xd0\xb5' (T_STRING) in C:\\localhost\\input.php on line 58, referer: http://localhost:8080/input.php
[Mon Nov 09 23:05:13.109964 2020] [php7:error] [pid 4368:tid 1116] [client ::1:7405] PHP Parse error:  syntax error, unexpected end of file in C:\\localhost\\input.php on line 56, referer: http://localhost:8080/input.php
[Tue Nov 10 20:49:31.821264 2020] [mpm_winnt:notice] [pid 12304:tid 632] AH00422: Parent: Received shutdown signal -- Shutting down the server.
[Tue Nov 10 20:49:33.833262 2020] [mpm_winnt:notice] [pid 4368:tid 588] AH00364: Child: All worker threads have exited.
[Tue Nov 10 20:49:34.853262 2020] [mpm_winnt:notice] [pid 12304:tid 632] AH00430: Parent: Child process 4368 exited successfully.
PHP Warning:  PHP Startup: Unable to load dynamic library 'mbstring' (tried: ext\\mbstring (\xd0\x9d\xd0\xb5 \xd0\xbd\xd0\xb0\xd0\xb9\xd0\xb4\xd0\xb5\xd0\xbd \xd1\x83\xd0\xba\xd0\xb0\xd0\xb7\xd0\xb0\xd0\xbd\xd0\xbd\xd1\x8b\xd0\xb9 \xd0\xbc\xd0\xbe\xd0\xb4\xd1\x83\xd0\xbb\xd1\x8c.), ext\\php_mbstring.dll (\xd0\x9d\xd0\xb5 \xd0\xbd\xd0\xb0\xd0\xb9\xd0\xb4\xd0\xb5\xd0\xbd \xd1\x83\xd0\xba\xd0\xb0\xd0\xb7\xd0\xb0\xd0\xbd\xd0\xbd\xd1\x8b\xd0\xb9 \xd0\xbc\xd0\xbe\xd0\xb4\xd1\x83\xd0\xbb\xd1\x8c.)) in Unknown on line 0
PHP Warning:  PHP Startup: Unable to load dynamic library 'mysqli' (tried: ext\\mysqli (\xd0\x9d\xd0\xb5 \xd0\xbd\xd0\xb0\xd0\xb9\xd0\xb4\xd0\xb5\xd0\xbd \xd1\x83\xd0\xba\xd0\xb0\xd0\xb7\xd0\xb0\xd0\xbd\xd0\xbd\xd1\x8b\xd0\xb9 \xd0\xbc\xd0\xbe\xd0\xb4\xd1\x83\xd0\xbb\xd1\x8c.), ext\\php_mysqli.dll (\xd0\x9d\xd0\xb5 \xd0\xbd\xd0\xb0\xd0\xb9\xd0\xb4\xd0\xb5\xd0\xbd \xd1\x83\xd0\xba\xd0\xb0\xd0\xb7\xd0\xb0\xd0\xbd\xd0\xbd\xd1\x8b\xd0\xb9 \xd0\xbc\xd0\xbe\xd0\xb4\xd1\x83\xd0\xbb\xd1\x8c.)) in Unknown on line 0
[Tue Nov 10 20:53:44.795277 2020] [mpm_winnt:notice] [pid 13232:tid 432] AH00455: Apache/2.4.46 (Win64) PHP/7.4.12 configured -- resuming normal operations
[Tue Nov 10 20:53:44.795277 2020] [mpm_winnt:notice] [pid 13232:tid 432] AH00456: Apache Lounge VS16 Server built: Oct  2 2020 11:45:39
[Tue Nov 10 20:53:44.795277 2020] [core:notice] [pid 13232:tid 432] AH00094: Command line: 'C:\\Apache24\\bin\\httpd.exe -d C:/Apache24'
[Tue Nov 10 20:53:44.976265 2020] [mpm_winnt:notice] [pid 13232:tid 432] AH00418: Parent: Created child process 10324
PHP Warning:  PHP Startup: Unable to load dynamic library 'mbstring' (tried: ext\\mbstring (\xd0\x9d\xd0\xb5 \xd0\xbd\xd0\xb0\xd0\xb9\xd0\xb4\xd0\xb5\xd0\xbd \xd1\x83\xd0\xba\xd0\xb0\xd0\xb7\xd0\xb0\xd0\xbd\xd0\xbd\xd1\x8b\xd0\xb9 \xd0\xbc\xd0\xbe\xd0\xb4\xd1\x83\xd0\xbb\xd1\x8c.), ext\\php_mbstring.dll (\xd0\x9d\xd0\xb5 \xd0\xbd\xd0\xb0\xd0\xb9\xd0\xb4\xd0\xb5\xd0\xbd \xd1\x83\xd0\xba\xd0\xb0\xd0\xb7\xd0\xb0\xd0\xbd\xd0\xbd\xd1\x8b\xd0\xb9 \xd0\xbc\xd0\xbe\xd0\xb4\xd1\x83\xd0\xbb\xd1\x8c.)) in Unknown on line 0
PHP Warning:  PHP Startup: Unable to load dynamic library 'mysqli' (tried: ext\\mysqli (\xd0\x9d\xd0\xb5 \xd0\xbd\xd0\xb0\xd0\xb9\xd0\xb4\xd0\xb5\xd0\xbd \xd1\x83\xd0\xba\xd0\xb0\xd0\xb7\xd0\xb0\xd0\xbd\xd0\xbd\xd1\x8b\xd0\xb9 \xd0\xbc\xd0\xbe\xd0\xb4\xd1\x83\xd0\xbb\xd1\x8c.), ext\\php_mysqli.dll (\xd0\x9d\xd0\xb5 \xd0\xbd\xd0\xb0\xd0\xb9\xd0\xb4\xd0\xb5\xd0\xbd \xd1\x83\xd0\xba\xd0\xb0\xd0\xb7\xd0\xb0\xd0\xbd\xd0\xbd\xd1\x8b\xd0\xb9 \xd0\xbc\xd0\xbe\xd0\xb4\xd1\x83\xd0\xbb\xd1\x8c.)) in Unknown on line 0
[Tue Nov 10 20:53:47.575263 2020] [mpm_winnt:notice] [pid 10324:tid 572] AH00354: Child: Starting 64 worker threads.
[Tue Nov 10 21:01:17.372264 2020] [php7:error] [pid 10324:tid 1116] [client ::1:14961] PHP Parse error:  syntax error, unexpected 'if' (T_IF) in C:\\localhost\\strings.php on line 13
[Tue Nov 10 21:02:21.561265 2020] [php7:error] [pid 10324:tid 1116] [client ::1:14969] PHP Fatal error:  Uncaught Error: Call to undefined function mb_strpos() in C:\\localhost\\strings.php:12\nStack trace:\n#0 {main}\n  thrown in C:\\localhost\\strings.php on line 12
[Tue Nov 10 21:03:04.643266 2020] [php7:error] [pid 10324:tid 1116] [client ::1:14973] PHP Fatal error:  Uncaught Error: Call to undefined function mb_strpos() in C:\\localhost\\strings.php:12\nStack trace:\n#0 {main}\n  thrown in C:\\localhost\\strings.php on line 12
[Tue Nov 10 21:03:26.434264 2020] [mpm_winnt:notice] [pid 13232:tid 432] AH00424: Parent: Received restart signal -- Restarting the server.
[Tue Nov 10 21:03:26.778266 2020] [mpm_winnt:notice] [pid 13232:tid 432] AH00455: Apache/2.4.46 (Win64) PHP/7.4.12 configured -- resuming normal operations
[Tue Nov 10 21:03:26.778266 2020] [mpm_winnt:notice] [pid 13232:tid 432] AH00456: Apache Lounge VS16 Server built: Oct  2 2020 11:45:39
[Tue Nov 10 21:03:26.779265 2020] [core:notice] [pid 13232:tid 432] AH00094: Command line: 'C:\\Apache24\\bin\\httpd.exe -d C:/Apache24'
[Tue Nov 10 21:03:26.784266 2020] [mpm_winnt:notice] [pid 13232:tid 432] AH00418: Parent: Created child process 2776
[Tue Nov 10 21:03:28.471263 2020] [mpm_winnt:notice] [pid 10324:tid 572] AH00364: Child: All worker threads have exited.
[Tue Nov 10 21:03:29.357263 2020] [mpm_winnt:notice] [pid 2776:tid 680] AH00354: Child: Starting 64 worker threads.
[Tue Nov 10 21:03:32.696267 2020] [mpm_winnt:notice] [pid 13232:tid 432] AH00424: Parent: Received restart signal -- Restarting the server.
[Tue Nov 10 21:03:32.802264 2020] [mpm_winnt:notice] [pid 13232:tid 432] AH00455: Apache/2.4.46 (Win64) PHP/7.4.12 configured -- resuming normal operations
[Tue Nov 10 21:03:32.803263 2020] [mpm_winnt:notice] [pid 13232:tid 432] AH00456: Apache Lounge VS16 Server built: Oct  2 2020 11:45:39
[Tue Nov 10 21:03:32.807264 2020] [core:notice] [pid 13232:tid 432] AH00094: Command line: 'C:\\Apache24\\bin\\httpd.exe -d C:/Apache24'
[Tue Nov 10 21:03:32.843265 2020] [mpm_winnt:notice] [pid 13232:tid 432] AH00418: Parent: Created child process 11800
[Tue Nov 10 21:03:34.720263 2020] [mpm_winnt:notice] [pid 2776:tid 680] AH00364: Child: All worker threads have exited.
[Tue Nov 10 21:03:35.978263 2020] [mpm_winnt:notice] [pid 11800:tid 540] AH00354: Child: Starting 64 worker threads.
[Tue Nov 10 22:44:39.050783 2020] [php7:error] [pid 11800:tid 1088] [client ::1:6017] PHP Parse error:  syntax error, unexpected '<' in C:\\localhost\\strings.php on line 25
[Tue Nov 10 22:44:51.918780 2020] [php7:error] [pid 11800:tid 1088] [client ::1:12562] PHP Parse error:  syntax error, unexpected '<' in C:\\localhost\\strings.php on line 25
[Tue Nov 10 22:45:00.237781 2020] [php7:error] [pid 11800:tid 1088] [client ::1:12575] PHP Parse error:  syntax error, unexpected '<' in C:\\localhost\\strings.php on line 25
[Wed Nov 11 08:54:00.614928 2020] [mpm_winnt:notice] [pid 13232:tid 432] AH00422: Parent: Received shutdown signal -- Shutting down the server.
[Wed Nov 11 08:54:02.722927 2020] [mpm_winnt:notice] [pid 11800:tid 540] AH00364: Child: All worker threads have exited.
[Wed Nov 11 08:54:05.661926 2020] [mpm_winnt:notice] [pid 13232:tid 432] AH00430: Parent: Child process 11800 exited successfully.
[Wed Nov 11 09:13:25.377072 2020] [mpm_winnt:notice] [pid 3016:tid 504] AH00455: Apache/2.4.46 (Win64) PHP/7.4.12 configured -- resuming normal operations
[Wed Nov 11 09:13:25.377072 2020] [mpm_winnt:notice] [pid 3016:tid 504] AH00456: Apache Lounge VS16 Server built: Oct  2 2020 11:45:39
[Wed Nov 11 09:13:25.377072 2020] [core:notice] [pid 3016:tid 504] AH00094: Command line: 'C:\\Apache24\\bin\\httpd.exe -d C:/Apache24'
[Wed Nov 11 09:13:25.377072 2020] [mpm_winnt:notice] [pid 3016:tid 504] AH00418: Parent: Created child process 5416
[Wed Nov 11 09:13:28.124757 2020] [mpm_winnt:notice] [pid 5416:tid 552] AH00354: Child: Starting 64 worker threads.
[Wed Nov 11 14:45:00.166853 2020] [php7:notice] [pid 5416:tid 1088] [client ::1:2868] PHP Notice:  Undefined variable: _COOKEI in C:\\localhost\\cookies.php on line 7
[Wed Nov 11 14:45:00.166853 2020] [php7:notice] [pid 5416:tid 1088] [client ::1:2868] PHP Notice:  Trying to access array offset on value of type null in C:\\localhost\\cookies.php on line 7
[Wed Nov 11 14:45:00.166853 2020] [php7:notice] [pid 5416:tid 1088] [client ::1:2868] PHP Notice:  Undefined variable: _COOKEI in C:\\localhost\\cookies.php on line 8
[Wed Nov 11 14:45:00.166853 2020] [php7:notice] [pid 5416:tid 1088] [client ::1:2868] PHP Notice:  Trying to access array offset on value of type null in C:\\localhost\\cookies.php on line 8
[Wed Nov 11 14:45:55.812316 2020] [php7:notice] [pid 5416:tid 1088] [client ::1:2873] PHP Notice:  Undefined variable: _COOKEI in C:\\localhost\\cookies.php on line 7
[Wed Nov 11 14:45:55.812316 2020] [php7:notice] [pid 5416:tid 1088] [client ::1:2873] PHP Notice:  Trying to access array offset on value of type null in C:\\localhost\\cookies.php on line 7
[Wed Nov 11 14:45:55.812316 2020] [php7:notice] [pid 5416:tid 1088] [client ::1:2873] PHP Notice:  Undefined variable: _COOKEI in C:\\localhost\\cookies.php on line 8
[Wed Nov 11 14:45:55.812316 2020] [php7:notice] [pid 5416:tid 1088] [client ::1:2873] PHP Notice:  Trying to access array offset on value of type null in C:\\localhost\\cookies.php on line 8
[Wed Nov 11 15:01:03.076998 2020] [php7:error] [pid 5416:tid 1088] [client ::1:2957] PHP Parse error:  syntax error, unexpected '$data' (T_VARIABLE), expecting ';' or ',' in C:\\localhost\\cookies.php on line 22
[Wed Nov 11 21:23:48.457491 2020] [php7:error] [pid 5416:tid 1088] [client ::1:6963] PHP Parse error:  syntax error, unexpected 'echo' (T_ECHO), expecting ';' or ',' in C:\\localhost\\session.php on line 14
[Wed Nov 11 21:29:53.548863 2020] [php7:notice] [pid 5416:tid 1088] [client ::1:7068] PHP Notice:  Undefined index: PHPSESSID in C:\\localhost\\session.php on line 18
[Wed Nov 11 21:30:35.739096 2020] [php7:notice] [pid 5416:tid 1088] [client ::1:7074] PHP Notice:  Undefined index: PHPSESSID in C:\\localhost\\session.php on line 18
[Wed Nov 11 21:30:36.997048 2020] [php7:notice] [pid 5416:tid 1088] [client ::1:7074] PHP Notice:  Undefined index: PHPSESSID in C:\\localhost\\session.php on line 18
[Wed Nov 11 21:30:38.105004 2020] [php7:notice] [pid 5416:tid 1088] [client ::1:7074] PHP Notice:  Undefined index: PHPSESSID in C:\\localhost\\session.php on line 18
[Wed Nov 11 21:30:39.113513 2020] [php7:notice] [pid 5416:tid 1088] [client ::1:7074] PHP Notice:  Undefined index: PHPSESSID in C:\\localhost\\session.php on line 18
[Wed Nov 11 21:30:40.029818 2020] [php7:notice] [pid 5416:tid 1088] [client ::1:7074] PHP Notice:  Undefined index: PHPSESSID in C:\\localhost\\session.php on line 18
[Wed Nov 11 21:30:41.001564 2020] [php7:notice] [pid 5416:tid 1088] [client ::1:7075] PHP Notice:  Undefined index: PHPSESSID in C:\\localhost\\session.php on line 18
[Wed Nov 11 21:31:23.280518 2020] [php7:notice] [pid 5416:tid 1088] [client ::1:7078] PHP Notice:  Undefined index: PHPSESSID in C:\\localhost\\session.php on line 18
[Wed Nov 11 21:31:24.145053 2020] [php7:notice] [pid 5416:tid 1088] [client ::1:7078] PHP Notice:  Undefined index: PHPSESSID in C:\\localhost\\session.php on line 18
[Wed Nov 11 21:31:24.880791 2020] [php7:notice] [pid 5416:tid 1088] [client ::1:7078] PHP Notice:  Undefined index: PHPSESSID in C:\\localhost\\session.php on line 18
[Wed Nov 11 21:31:35.547806 2020] [php7:notice] [pid 5416:tid 1088] [client ::1:7082] PHP Notice:  Undefined index: PHPSESSID in C:\\localhost\\session.php on line 18
[Wed Nov 11 21:33:39.395587 2020] [php7:notice] [pid 5416:tid 1088] [client ::1:7095] PHP Notice:  Undefined index: PHPSESSID in C:\\localhost\\session.php on line 18
[Wed Nov 11 21:33:45.431660 2020] [php7:notice] [pid 5416:tid 1088] [client ::1:7097] PHP Notice:  Undefined index: PHPSESSID in C:\\localhost\\session.php on line 18
[Wed Nov 11 21:33:48.737889 2020] [php7:notice] [pid 5416:tid 1088] [client ::1:7097] PHP Notice:  Undefined index: PHPSESSID in C:\\localhost\\session.php on line 18
[Wed Nov 11 21:33:49.917556 2020] [php7:notice] [pid 5416:tid 1088] [client ::1:7097] PHP Notice:  Undefined index: PHPSESSID in C:\\localhost\\session.php on line 18
[Wed Nov 11 21:33:51.172429 2020] [php7:notice] [pid 5416:tid 1088] [client ::1:7098] PHP Notice:  Undefined index: PHPSESSID in C:\\localhost\\session.php on line 18
[Wed Nov 11 21:33:52.685801 2020] [php7:notice] [pid 5416:tid 1088] [client ::1:7098] PHP Notice:  Undefined index: PHPSESSID in C:\\localhost\\session.php on line 18
[Wed Nov 11 22:14:15.458637 2020] [php7:error] [pid 5416:tid 1088] [client ::1:7328] PHP Parse error:  syntax error, unexpected 'r' (T_STRING), expecting ';' or ',' in C:\\localhost\\fopen.php on line 4
[Wed Nov 11 22:19:12.365240 2020] [php7:warn] [pid 5416:tid 1088] [client ::1:7341] PHP Warning:  fopen(form.pho): failed to open stream: No such file or directory in C:\\localhost\\fopen.php on line 8
[Thu Nov 12 22:19:53.370540 2020] [mpm_winnt:notice] [pid 3016:tid 504] AH00422: Parent: Received shutdown signal -- Shutting down the server.
[Thu Nov 12 22:19:55.433038 2020] [mpm_winnt:notice] [pid 5416:tid 552] AH00364: Child: All worker threads have exited.
[Thu Nov 12 22:19:56.183038 2020] [mpm_winnt:notice] [pid 3016:tid 504] AH00430: Parent: Child process 5416 exited successfully.
[Thu Nov 12 22:20:53.332803 2020] [mpm_winnt:notice] [pid 3504:tid 632] AH00455: Apache/2.4.46 (Win64) PHP/7.4.12 configured -- resuming normal operations
[Thu Nov 12 22:20:53.332803 2020] [mpm_winnt:notice] [pid 3504:tid 632] AH00456: Apache Lounge VS16 Server built: Oct  2 2020 11:45:39
[Thu Nov 12 22:20:53.332803 2020] [core:notice] [pid 3504:tid 632] AH00094: Command line: 'C:\\Apache24\\bin\\httpd.exe -d C:/Apache24'
[Thu Nov 12 22:20:53.332803 2020] [mpm_winnt:notice] [pid 3504:tid 632] AH00418: Parent: Created child process 4992
[Thu Nov 12 22:20:56.364053 2020] [mpm_winnt:notice] [pid 4992:tid 560] AH00354: Child: Starting 64 worker threads.
[Thu Nov 12 22:27:33.074745 2020] [php7:warn] [pid 4992:tid 1088] [client ::1:2639] PHP Warning:  rename(hello.txt,subdir/hello.txt): \xd0\xa1\xd0\xb8\xd1\x81\xd1\x82\xd0\xb5\xd0\xbc\xd0\xb5 \xd0\xbd\xd0\xb5 \xd1\x83\xd0\xb4\xd0\xb0\xd0\xb5\xd1\x82\xd1\x81\xd1\x8f \xd0\xbd\xd0\xb0\xd0\xb9\xd1\x82\xd0\xb8 \xd1\x83\xd0\xba\xd0\xb0\xd0\xb7\xd0\xb0\xd0\xbd\xd0\xbd\xd1\x8b\xd0\xb9 \xd0\xbf\xd1\x83\xd1\x82\xd1\x8c. (code: 3) in C:\\localhost\\rename.php on line 2
[Thu Nov 12 22:28:23.189532 2020] [php7:warn] [pid 4992:tid 1088] [client ::1:2646] PHP Warning:  rename(hello.txt,subdir/hello.txt): \xd0\x9d\xd0\xb5 \xd1\x83\xd0\xb4\xd0\xb0\xd0\xb5\xd1\x82\xd1\x81\xd1\x8f \xd0\xbd\xd0\xb0\xd0\xb9\xd1\x82\xd0\xb8 \xd1\x83\xd0\xba\xd0\xb0\xd0\xb7\xd0\xb0\xd0\xbd\xd0\xbd\xd1\x8b\xd0\xb9 \xd1\x84\xd0\xb0\xd0\xb9\xd0\xbb. (code: 2) in C:\\localhost\\rename.php on line 2
[Thu Nov 12 22:29:49.139629 2020] [php7:warn] [pid 4992:tid 1088] [client ::1:2654] PHP Warning:  rename(hello.txt,subdir/hello.txt): \xd0\x9d\xd0\xb5 \xd1\x83\xd0\xb4\xd0\xb0\xd0\xb5\xd1\x82\xd1\x81\xd1\x8f \xd0\xbd\xd0\xb0\xd0\xb9\xd1\x82\xd0\xb8 \xd1\x83\xd0\xba\xd0\xb0\xd0\xb7\xd0\xb0\xd0\xbd\xd0\xbd\xd1\x8b\xd0\xb9 \xd1\x84\xd0\xb0\xd0\xb9\xd0\xbb. (code: 2) in C:\\localhost\\rename.php on line 2
[Thu Nov 12 22:29:55.872546 2020] [php7:warn] [pid 4992:tid 1088] [client ::1:2655] PHP Warning:  rename(hello.txt,subdir/hello.txt): \xd0\x9d\xd0\xb5 \xd1\x83\xd0\xb4\xd0\xb0\xd0\xb5\xd1\x82\xd1\x81\xd1\x8f \xd0\xbd\xd0\xb0\xd0\xb9\xd1\x82\xd0\xb8 \xd1\x83\xd0\xba\xd0\xb0\xd0\xb7\xd0\xb0\xd0\xbd\xd0\xbd\xd1\x8b\xd0\xb9 \xd1\x84\xd0\xb0\xd0\xb9\xd0\xbb. (code: 2) in C:\\localhost\\rename.php on line 2
[Thu Nov 12 22:32:33.069764 2020] [php7:error] [pid 4992:tid 1088] [client ::1:2679] PHP Parse error:  syntax error, unexpected 'if' (T_IF) in C:\\localhost\\rename.php on line 3
[Thu Nov 12 22:34:19.697955 2020] [php7:warn] [pid 4992:tid 1088] [client ::1:2687] PHP Warning:  rename(hello.txt,subdir/hello.txt): \xd0\x9d\xd0\xb5 \xd1\x83\xd0\xb4\xd0\xb0\xd0\xb5\xd1\x82\xd1\x81\xd1\x8f \xd0\xbd\xd0\xb0\xd0\xb9\xd1\x82\xd0\xb8 \xd1\x83\xd0\xba\xd0\xb0\xd0\xb7\xd0\xb0\xd0\xbd\xd0\xbd\xd1\x8b\xd0\xb9 \xd1\x84\xd0\xb0\xd0\xb9\xd0\xbb. (code: 2) in C:\\localhost\\rename.php on line 2
[Thu Nov 12 22:35:10.798881 2020] [php7:error] [pid 4992:tid 1088] [client ::1:2692] PHP Parse error:  syntax error, unexpected '=', expecting ';' or ',' in C:\\localhost\\rename.php on line 6
[Thu Nov 12 22:35:12.129259 2020] [php7:error] [pid 4992:tid 1088] [client ::1:2692] PHP Parse error:  syntax error, unexpected '=', expecting ';' or ',' in C:\\localhost\\rename.php on line 6
[Thu Nov 12 22:35:13.132894 2020] [php7:error] [pid 4992:tid 1088] [client ::1:2692] PHP Parse error:  syntax error, unexpected '=', expecting ';' or ',' in C:\\localhost\\rename.php on line 6
[Thu Nov 12 22:35:19.731418 2020] [php7:error] [pid 4992:tid 1088] [client ::1:2693] PHP Parse error:  syntax error, unexpected '=', expecting ';' or ',' in C:\\localhost\\rename.php on line 6
[Thu Nov 12 22:35:20.734514 2020] [php7:error] [pid 4992:tid 1088] [client ::1:2693] PHP Parse error:  syntax error, unexpected '=', expecting ';' or ',' in C:\\localhost\\rename.php on line 6
[Thu Nov 12 22:35:21.834070 2020] [php7:error] [pid 4992:tid 1088] [client ::1:2693] PHP Parse error:  syntax error, unexpected '=', expecting ';' or ',' in C:\\localhost\\rename.php on line 6
[Thu Nov 12 22:35:22.922203 2020] [php7:error] [pid 4992:tid 1088] [client ::1:2693] PHP Parse error:  syntax error, unexpected '=', expecting ';' or ',' in C:\\localhost\\rename.php on line 6
[Thu Nov 12 22:37:20.448698 2020] [php7:error] [pid 4992:tid 1088] [client ::1:2712] PHP Parse error:  syntax error, unexpected '=', expecting ';' or ',' in C:\\localhost\\rename.php on line 6
[Thu Nov 12 22:41:43.825940 2020] [php7:warn] [pid 4992:tid 1088] [client ::1:2732] PHP Warning:  copy(hello.txt): failed to open stream: No such file or directory in C:\\localhost\\rename.php on line 6
[Thu Nov 12 22:42:12.992804 2020] [php7:warn] [pid 4992:tid 1088] [client ::1:2736] PHP Warning:  copy(hello.txt): failed to open stream: No such file or directory in C:\\localhost\\rename.php on line 6
[Thu Nov 12 22:46:09.063532 2020] [php7:warn] [pid 4992:tid 1088] [client ::1:2751] PHP Warning:  mkdir(): File exists in C:\\localhost\\rename.php on line 14
[Thu Nov 12 22:47:30.506839 2020] [php7:warn] [pid 4992:tid 1088] [client ::1:2760] PHP Warning:  rmdir(newdir): No such file or directory in C:\\localhost\\rename.php on line 19
[Thu Nov 12 22:53:02.745619 2020] [php7:error] [pid 4992:tid 1088] [client ::1:2780] PHP Parse error:  syntax error, unexpected '}', expecting ';' or ',' in C:\\localhost\\rename.php on line 37
[Fri Nov 13 00:43:23.426027 2020] [mpm_winnt:notice] [pid 3504:tid 632] AH00422: Parent: Received shutdown signal -- Shutting down the server.
[Fri Nov 13 00:43:26.862404 2020] [mpm_winnt:notice] [pid 4992:tid 560] AH00364: Child: All worker threads have exited.
[Fri Nov 13 00:43:30.360404 2020] [mpm_winnt:notice] [pid 3504:tid 632] AH00430: Parent: Child process 4992 exited successfully.
[Fri Nov 13 19:19:03.277692 2020] [mpm_winnt:notice] [pid 6208:tid 544] AH00455: Apache/2.4.46 (Win64) PHP/7.4.12 configured -- resuming normal operations
[Fri Nov 13 19:19:03.278696 2020] [mpm_winnt:notice] [pid 6208:tid 544] AH00456: Apache Lounge VS16 Server built: Oct  2 2020 11:45:39
[Fri Nov 13 19:19:03.278696 2020] [core:notice] [pid 6208:tid 544] AH00094: Command line: 'C:\\Apache24\\bin\\httpd.exe -d C:/Apache24'
[Fri Nov 13 19:19:03.317452 2020] [mpm_winnt:notice] [pid 6208:tid 544] AH00418: Parent: Created child process 1408
[Fri Nov 13 19:19:04.197813 2020] [mpm_winnt:notice] [pid 1408:tid 468] AH00354: Child: Starting 64 worker threads.
[Fri Nov 13 19:21:37.723660 2020] [php7:error] [pid 1408:tid 1088] [client ::1:7889] PHP Parse error:  syntax error, unexpected '\xd0\x9e\xd1\x88\xd0\xb8\xd0\xb1\xd0\xba\xd0\xb0' (T_STRING), expecting ')' in C:\\localhost\\flock.php on line 9
[Fri Nov 13 19:23:37.448749 2020] [php7:error] [pid 1408:tid 1088] [client ::1:7923] PHP Parse error:  syntax error, unexpected '$i' (T_VARIABLE) in C:\\localhost\\flock.php on line 8
[Fri Nov 13 19:27:40.082909 2020] [php7:warn] [pid 1408:tid 1088] [client ::1:7986] PHP Warning:  flock(): supplied resource is not a valid stream resource in C:\\localhost\\flock.php on line 16
[Fri Nov 13 19:27:40.082909 2020] [php7:warn] [pid 1408:tid 1088] [client ::1:7986] PHP Warning:  fclose(): supplied resource is not a valid stream resource in C:\\localhost\\flock.php on line 22
[Sat Nov 14 20:19:38.398292 2020] [php7:warn] [pid 1408:tid 1088] [client ::1:9442] PHP Warning:  POST Content-Length of 640443848 bytes exceeds the limit of 8388608 bytes in Unknown on line 0, referer: http://localhost:8080/upload.php
[Sat Nov 14 20:20:22.293434 2020] [php7:warn] [pid 1408:tid 1088] [client ::1:9445] PHP Warning:  POST Content-Length of 123262982 bytes exceeds the limit of 8388608 bytes in Unknown on line 0, referer: http://localhost:8080/upload.php
[Sat Nov 14 20:22:21.595740 2020] [mpm_winnt:notice] [pid 6208:tid 544] AH00422: Parent: Received shutdown signal -- Shutting down the server.
[Sat Nov 14 20:22:23.629949 2020] [mpm_winnt:notice] [pid 1408:tid 468] AH00364: Child: All worker threads have exited.
[Sat Nov 14 20:22:24.753979 2020] [mpm_winnt:notice] [pid 6208:tid 544] AH00430: Parent: Child process 1408 exited successfully.
[Sat Nov 14 20:36:10.493576 2020] [mpm_winnt:notice] [pid 13636:tid 624] AH00455: Apache/2.4.46 (Win64) PHP/7.4.12 configured -- resuming normal operations
[Sat Nov 14 20:36:10.493576 2020] [mpm_winnt:notice] [pid 13636:tid 624] AH00456: Apache Lounge VS16 Server built: Oct  2 2020 11:45:39
[Sat Nov 14 20:36:10.493576 2020] [core:notice] [pid 13636:tid 624] AH00094: Command line: 'C:\\Apache24\\bin\\httpd.exe -d C:/Apache24'
[Sat Nov 14 20:36:10.542079 2020] [mpm_winnt:notice] [pid 13636:tid 624] AH00418: Parent: Created child process 1628
[Sat Nov 14 20:36:11.436535 2020] [mpm_winnt:notice] [pid 1628:tid 564] AH00354: Child: Starting 64 worker threads.
[Sat Nov 14 20:47:58.413545 2020] [php7:notice] [pid 1628:tid 1084] [client ::1:9777] PHP Notice:  Undefined index: uploads in C:\\localhost\\upload.php on line 12, referer: http://localhost:8080/upload.php
[Sat Nov 14 20:47:58.414426 2020] [php7:notice] [pid 1628:tid 1084] [client ::1:9777] PHP Notice:  Trying to access array offset on value of type null in C:\\localhost\\upload.php on line 12, referer: http://localhost:8080/upload.php
[Sat Nov 14 20:47:58.415193 2020] [php7:warn] [pid 1628:tid 1084] [client ::1:9777] PHP Warning:  Invalid argument supplied for foreach() in C:\\localhost\\upload.php on line 12, referer: http://localhost:8080/upload.php
[Sat Nov 14 20:48:51.594327 2020] [php7:notice] [pid 1628:tid 1084] [client ::1:9791] PHP Notice:  Undefined index: uploads in C:\\localhost\\upload.php on line 12, referer: http://localhost:8080/upload.php
[Sat Nov 14 20:48:51.594327 2020] [php7:notice] [pid 1628:tid 1084] [client ::1:9791] PHP Notice:  Trying to access array offset on value of type null in C:\\localhost\\upload.php on line 12, referer: http://localhost:8080/upload.php
[Sat Nov 14 20:48:51.594327 2020] [php7:warn] [pid 1628:tid 1084] [client ::1:9791] PHP Warning:  Invalid argument supplied for foreach() in C:\\localhost\\upload.php on line 12, referer: http://localhost:8080/upload.php
[Sat Nov 14 20:57:58.396734 2020] [mpm_winnt:notice] [pid 13636:tid 624] AH00424: Parent: Received restart signal -- Restarting the server.
[Sat Nov 14 20:57:58.506112 2020] [mpm_winnt:notice] [pid 13636:tid 624] AH00455: Apache/2.4.46 (Win64) PHP/7.4.12 configured -- resuming normal operations
[Sat Nov 14 20:57:58.506112 2020] [mpm_winnt:notice] [pid 13636:tid 624] AH00456: Apache Lounge VS16 Server built: Oct  2 2020 11:45:39
[Sat Nov 14 20:57:58.506112 2020] [core:notice] [pid 13636:tid 624] AH00094: Command line: 'C:\\Apache24\\bin\\httpd.exe -d C:/Apache24'
[Sat Nov 14 20:57:58.506112 2020] [mpm_winnt:notice] [pid 13636:tid 624] AH00418: Parent: Created child process 4856
[Sat Nov 14 20:57:59.407190 2020] [mpm_winnt:notice] [pid 4856:tid 552] AH00354: Child: Starting 64 worker threads.
[Sat Nov 14 20:58:00.420528 2020] [mpm_winnt:notice] [pid 1628:tid 564] AH00364: Child: All worker threads have exited.
[Sat Nov 14 20:58:04.638053 2020] [mpm_winnt:notice] [pid 13636:tid 624] AH00422: Parent: Received shutdown signal -- Shutting down the server.
[Sat Nov 14 20:58:06.654154 2020] [mpm_winnt:notice] [pid 4856:tid 552] AH00364: Child: All worker threads have exited.
[Sat Nov 14 20:58:06.723023 2020] [mpm_winnt:notice] [pid 13636:tid 624] AH00430: Parent: Child process 4856 exited successfully.
[Sat Nov 14 20:58:19.744962 2020] [mpm_winnt:notice] [pid 10088:tid 556] AH00455: Apache/2.4.46 (Win64) PHP/7.4.12 configured -- resuming normal operations
[Sat Nov 14 20:58:19.760607 2020] [mpm_winnt:notice] [pid 10088:tid 556] AH00456: Apache Lounge VS16 Server built: Oct  2 2020 11:45:39
[Sat Nov 14 20:58:19.760607 2020] [core:notice] [pid 10088:tid 556] AH00094: Command line: 'C:\\Apache24\\bin\\httpd.exe -d C:/Apache24'
[Sat Nov 14 20:58:19.760607 2020] [mpm_winnt:notice] [pid 10088:tid 556] AH00418: Parent: Created child process 14588
[Sat Nov 14 20:58:20.512641 2020] [mpm_winnt:notice] [pid 14588:tid 572] AH00354: Child: Starting 64 worker threads.
[Sat Nov 14 20:58:24.610759 2020] [php7:notice] [pid 14588:tid 1080] [client ::1:9827] PHP Notice:  Unknown: file created in the system's temporary directory in Unknown on line 0, referer: http://localhost:8080/upload.php
[Sat Nov 14 20:58:41.236384 2020] [php7:notice] [pid 14588:tid 1080] [client ::1:9829] PHP Notice:  Unknown: file created in the system's temporary directory in Unknown on line 0, referer: http://localhost:8080/upload.php
[Sat Nov 14 20:59:19.984211 2020] [mpm_winnt:notice] [pid 10088:tid 556] AH00424: Parent: Received restart signal -- Restarting the server.
[Sat Nov 14 20:59:20.066353 2020] [mpm_winnt:notice] [pid 10088:tid 556] AH00455: Apache/2.4.46 (Win64) PHP/7.4.12 configured -- resuming normal operations
[Sat Nov 14 20:59:20.066353 2020] [mpm_winnt:notice] [pid 10088:tid 556] AH00456: Apache Lounge VS16 Server built: Oct  2 2020 11:45:39
[Sat Nov 14 20:59:20.066353 2020] [core:notice] [pid 10088:tid 556] AH00094: Command line: 'C:\\Apache24\\bin\\httpd.exe -d C:/Apache24'
[Sat Nov 14 20:59:20.070350 2020] [mpm_winnt:notice] [pid 10088:tid 556] AH00418: Parent: Created child process 7556
[Sat Nov 14 20:59:20.994487 2020] [mpm_winnt:notice] [pid 7556:tid 564] AH00354: Child: Starting 64 worker threads.
[Sat Nov 14 20:59:22.006398 2020] [mpm_winnt:notice] [pid 14588:tid 572] AH00364: Child: All worker threads have exited.
[Sat Nov 14 20:59:24.607588 2020] [php7:notice] [pid 7556:tid 1088] [client ::1:9831] PHP Notice:  Unknown: file created in the system's temporary directory in Unknown on line 0, referer: http://localhost:8080/upload.php
[Sat Nov 14 20:59:25.927852 2020] [php7:notice] [pid 7556:tid 1088] [client ::1:9831] PHP Notice:  Unknown: file created in the system's temporary directory in Unknown on line 0, referer: http://localhost:8080/upload.php
[Sat Nov 14 20:59:30.568539 2020] [php7:notice] [pid 7556:tid 1088] [client ::1:9831] PHP Notice:  Unknown: file created in the system's temporary directory in Unknown on line 0, referer: http://localhost:8080/upload.php
[Sat Nov 14 21:00:07.476574 2020] [mpm_winnt:notice] [pid 10088:tid 556] AH00422: Parent: Received shutdown signal -- Shutting down the server.
[Sat Nov 14 21:00:09.502367 2020] [mpm_winnt:notice] [pid 7556:tid 564] AH00364: Child: All worker threads have exited.
[Sat Nov 14 21:00:10.110122 2020] [mpm_winnt:notice] [pid 10088:tid 556] AH00430: Parent: Child process 7556 exited successfully.
[Sat Nov 14 21:00:15.830662 2020] [mpm_winnt:notice] [pid 10352:tid 684] AH00455: Apache/2.4.46 (Win64) PHP/7.4.12 configured -- resuming normal operations
[Sat Nov 14 21:00:15.831664 2020] [mpm_winnt:notice] [pid 10352:tid 684] AH00456: Apache Lounge VS16 Server built: Oct  2 2020 11:45:39
[Sat Nov 14 21:00:15.831664 2020] [core:notice] [pid 10352:tid 684] AH00094: Command line: 'C:\\Apache24\\bin\\httpd.exe -d C:/Apache24'
[Sat Nov 14 21:00:15.835662 2020] [mpm_winnt:notice] [pid 10352:tid 684] AH00418: Parent: Created child process 3740
[Sat Nov 14 21:00:16.614249 2020] [mpm_winnt:notice] [pid 3740:tid 564] AH00354: Child: Starting 64 worker threads.
[Sat Nov 14 22:57:28.062008 2020] [php7:error] [pid 3740:tid 1088] [client ::1:11290] PHP Parse error:  syntax error, unexpected '}', expecting ';' or ',' in C:\\localhost\\classUser.php on line 13
[Sat Nov 14 22:57:38.572526 2020] [php7:error] [pid 3740:tid 1088] [client ::1:11293] PHP Fatal error:  Uncaught ArgumentCountError: Too few arguments to function User::__construct(), 0 passed in C:\\localhost\\classUser.php on line 21 and exactly 2 expected in C:\\localhost\\classUser.php:5\nStack trace:\n#0 C:\\localhost\\classUser.php(21): User->__construct()\n#1 {main}\n  thrown in C:\\localhost\\classUser.php on line 5
[Sun Nov 15 19:18:17.596126 2020] [core:warn] [pid 3472:tid 592] AH00098: pid file C:/Apache24/logs/httpd.pid overwritten -- Unclean shutdown of previous Apache run?
[Sun Nov 15 19:18:17.736749 2020] [mpm_winnt:notice] [pid 3472:tid 592] AH00455: Apache/2.4.46 (Win64) PHP/7.4.12 configured -- resuming normal operations
[Sun Nov 15 19:18:17.736749 2020] [mpm_winnt:notice] [pid 3472:tid 592] AH00456: Apache Lounge VS16 Server built: Oct  2 2020 11:45:39
[Sun Nov 15 19:18:17.736749 2020] [core:notice] [pid 3472:tid 592] AH00094: Command line: 'C:\\Apache24\\bin\\httpd.exe -d C:/Apache24'
[Sun Nov 15 19:18:17.736749 2020] [mpm_winnt:notice] [pid 3472:tid 592] AH00418: Parent: Created child process 4956
[Sun Nov 15 19:18:20.361752 2020] [mpm_winnt:notice] [pid 4956:tid 560] AH00354: Child: Starting 64 worker threads.
[Sun Nov 15 19:56:42.712247 2020] [php7:error] [pid 4956:tid 1088] [client ::1:1227] PHP Fatal error:  Uncaught Error: Object of class Customer could not be converted to string in C:\\localhost\\classUserExtends.php:41\nStack trace:\n#0 C:\\localhost\\classUserExtends.php(46): Customer->getInfo()\n#1 {main}\n  thrown in C:\\localhost\\classUserExtends.php on line 41, referer: http://localhost:8080/
[Sun Nov 15 19:57:50.932743 2020] [php7:error] [pid 4956:tid 1088] [client ::1:1233] PHP Fatal error:  Uncaught Error: Object of class Customer could not be converted to string in C:\\localhost\\classUserExtends.php:41\nStack trace:\n#0 C:\\localhost\\classUserExtends.php(46): Customer->getInfo()\n#1 {main}\n  thrown in C:\\localhost\\classUserExtends.php on line 41, referer: http://localhost:8080/
[Sun Nov 15 19:59:13.750363 2020] [php7:error] [pid 4956:tid 1088] [client ::1:1235] PHP Fatal error:  Uncaught Error: Object of class Customer could not be converted to string in C:\\localhost\\classUserExtends.php:41\nStack trace:\n#0 C:\\localhost\\classUserExtends.php(46): Customer->getInfo()\n#1 {main}\n  thrown in C:\\localhost\\classUserExtends.php on line 41, referer: http://localhost:8080/
[Sun Nov 15 20:00:12.287544 2020] [php7:error] [pid 4956:tid 1088] [client ::1:1238] PHP Fatal error:  Uncaught Error: Object of class Customer could not be converted to string in C:\\localhost\\classUserExtends.php:41\nStack trace:\n#0 C:\\localhost\\classUserExtends.php(46): Customer->getInfo()\n#1 {main}\n  thrown in C:\\localhost\\classUserExtends.php on line 41, referer: http://localhost:8080/
[Sun Nov 15 20:00:35.615864 2020] [php7:error] [pid 4956:tid 1088] [client ::1:1245] PHP Fatal error:  Uncaught Error: Object of class Customer could not be converted to string in C:\\localhost\\classUserExtends.php:41\nStack trace:\n#0 C:\\localhost\\classUserExtends.php(46): Customer->getInfo()\n#1 {main}\n  thrown in C:\\localhost\\classUserExtends.php on line 41, referer: http://localhost:8080/
[Sun Nov 15 20:06:28.188661 2020] [mpm_winnt:notice] [pid 3472:tid 592] AH00422: Parent: Received shutdown signal -- Shutting down the server.
[Sun Nov 15 20:06:30.219978 2020] [mpm_winnt:notice] [pid 4956:tid 560] AH00364: Child: All worker threads have exited.
[Sun Nov 15 20:06:30.251231 2020] [mpm_winnt:notice] [pid 3472:tid 592] AH00430: Parent: Child process 4956 exited successfully.
[Sun Nov 15 20:07:07.219213 2020] [mpm_winnt:notice] [pid 3900:tid 624] AH00455: Apache/2.4.46 (Win64) PHP/7.4.12 configured -- resuming normal operations
[Sun Nov 15 20:07:07.219213 2020] [mpm_winnt:notice] [pid 3900:tid 624] AH00456: Apache Lounge VS16 Server built: Oct  2 2020 11:45:39
[Sun Nov 15 20:07:07.219213 2020] [core:notice] [pid 3900:tid 624] AH00094: Command line: 'C:\\Apache24\\bin\\httpd.exe -d C:/Apache24'
[Sun Nov 15 20:07:07.219213 2020] [mpm_winnt:notice] [pid 3900:tid 624] AH00418: Parent: Created child process 5272
[Sun Nov 15 20:07:10.013808 2020] [mpm_winnt:notice] [pid 5272:tid 532] AH00354: Child: Starting 64 worker threads.
[Sun Nov 15 22:00:41.279710 2020] [core:warn] [pid 3404:tid 536] AH00098: pid file C:/Apache24/logs/httpd.pid overwritten -- Unclean shutdown of previous Apache run?
[Sun Nov 15 22:00:41.514085 2020] [mpm_winnt:notice] [pid 3404:tid 536] AH00455: Apache/2.4.46 (Win64) PHP/7.4.12 configured -- resuming normal operations
[Sun Nov 15 22:00:41.514085 2020] [mpm_winnt:notice] [pid 3404:tid 536] AH00456: Apache Lounge VS16 Server built: Oct  2 2020 11:45:39
[Sun Nov 15 22:00:41.514085 2020] [core:notice] [pid 3404:tid 536] AH00094: Command line: 'C:\\Apache24\\bin\\httpd.exe -d C:/Apache24'
[Sun Nov 15 22:00:41.514085 2020] [mpm_winnt:notice] [pid 3404:tid 536] AH00418: Parent: Created child process 4968
[Sun Nov 15 22:00:44.732836 2020] [mpm_winnt:notice] [pid 4968:tid 564] AH00354: Child: Starting 64 worker threads.
[Sun Nov 15 22:53:41.537480 2020] [php7:error] [pid 4968:tid 1088] [client ::1:2995] PHP Fatal error:  Uncaught Error: Cannot access private property User::$privateA in C:\\localhost\\PublicProtectedPrivate.php:43\nStack trace:\n#0 {main}\n  thrown in C:\\localhost\\PublicProtectedPrivate.php on line 43, referer: http://localhost:8080/
[Sun Nov 15 22:53:59.467652 2020] [php7:error] [pid 4968:tid 1088] [client ::1:2996] PHP Fatal error:  Uncaught Error: Cannot access protected property User::$protectedA in C:\\localhost\\PublicProtectedPrivate.php:43\nStack trace:\n#0 {main}\n  thrown in C:\\localhost\\PublicProtectedPrivate.php on line 43, referer: http://localhost:8080/
[Sun Nov 15 22:54:18.476681 2020] [php7:notice] [pid 4968:tid 1088] [client ::1:2998] PHP Notice:  Undefined property: User::$protected22A in C:\\localhost\\PublicProtectedPrivate.php on line 43, referer: http://localhost:8080/
[Sun Nov 15 22:54:34.139557 2020] [php7:error] [pid 4968:tid 1088] [client ::1:3000] PHP Fatal error:  Uncaught Error: Cannot access protected property User::$protectedA in C:\\localhost\\PublicProtectedPrivate.php:43\nStack trace:\n#0 {main}\n  thrown in C:\\localhost\\PublicProtectedPrivate.php on line 43, referer: http://localhost:8080/
[Sun Nov 15 22:55:50.921717 2020] [php7:error] [pid 4968:tid 1088] [client ::1:3007] PHP Fatal error:  Uncaught Error: Cannot access protected property User::$protectedA in C:\\localhost\\PublicProtectedPrivate.php:43\nStack trace:\n#0 {main}\n  thrown in C:\\localhost\\PublicProtectedPrivate.php on line 43, referer: http://localhost:8080/
[Sun Nov 15 22:57:29.278853 2020] [php7:error] [pid 4968:tid 1088] [client ::1:3016] PHP Parse error:  syntax error, unexpected '$customer' (T_VARIABLE), expecting ';' or ',' in C:\\localhost\\PublicProtectedPrivate.php on line 46, referer: http://localhost:8080/
[Sun Nov 15 22:58:55.268794 2020] [php7:error] [pid 4968:tid 1088] [client ::1:3030] PHP Fatal error:  Uncaught Error: Call to protected method User::getProtectedMethod() from context '' in C:\\localhost\\PublicProtectedPrivate.php:48\nStack trace:\n#0 {main}\n  thrown in C:\\localhost\\PublicProtectedPrivate.php on line 48, referer: http://localhost:8080/
[Sun Nov 15 23:00:09.392007 2020] [php7:error] [pid 4968:tid 1088] [client ::1:3034] PHP Fatal error:  Uncaught Error: Call to protected method User::getProtectedMethod() from context '' in C:\\localhost\\PublicProtectedPrivate.php:48\nStack trace:\n#0 {main}\n  thrown in C:\\localhost\\PublicProtectedPrivate.php on line 48, referer: http://localhost:8080/
[Sun Nov 15 23:00:22.895876 2020] [php7:error] [pid 4968:tid 1088] [client ::1:3036] PHP Fatal error:  Uncaught Error: Call to protected method User::getProtectedMethod() from context '' in C:\\localhost\\PublicProtectedPrivate.php:48\nStack trace:\n#0 {main}\n  thrown in C:\\localhost\\PublicProtectedPrivate.php on line 48, referer: http://localhost:8080/
[Sun Nov 15 23:00:50.282573 2020] [php7:error] [pid 4968:tid 1088] [client ::1:3039] PHP Fatal error:  Uncaught Error: Call to protected method User::getProtectedMethod() from context '' in C:\\localhost\\PublicProtectedPrivate.php:44\nStack trace:\n#0 {main}\n  thrown in C:\\localhost\\PublicProtectedPrivate.php on line 44, referer: http://localhost:8080/
[Sun Nov 15 23:02:10.113520 2020] [php7:error] [pid 4968:tid 1088] [client ::1:3047] PHP Fatal error:  Uncaught Error: Call to protected method User::getProtectedMethod() from context '' in C:\\localhost\\PublicProtectedPrivate.php:48\nStack trace:\n#0 {main}\n  thrown in C:\\localhost\\PublicProtectedPrivate.php on line 48, referer: http://localhost:8080/
[Mon Nov 16 00:54:07.567129 2020] [mpm_winnt:notice] [pid 3404:tid 536] AH00422: Parent: Received shutdown signal -- Shutting down the server.
[Mon Nov 16 00:54:09.644529 2020] [mpm_winnt:notice] [pid 4968:tid 564] AH00364: Child: All worker threads have exited.
[Mon Nov 16 00:54:10.410155 2020] [mpm_winnt:notice] [pid 3404:tid 536] AH00430: Parent: Child process 4968 exited successfully.
[Mon Nov 16 00:54:48.852269 2020] [mpm_winnt:notice] [pid 3544:tid 704] AH00455: Apache/2.4.46 (Win64) PHP/7.4.12 configured -- resuming normal operations
[Mon Nov 16 00:54:48.867897 2020] [mpm_winnt:notice] [pid 3544:tid 704] AH00456: Apache Lounge VS16 Server built: Oct  2 2020 11:45:39
[Mon Nov 16 00:54:48.867897 2020] [core:notice] [pid 3544:tid 704] AH00094: Command line: 'C:\\Apache24\\bin\\httpd.exe -d C:/Apache24'
[Mon Nov 16 00:54:48.867897 2020] [mpm_winnt:notice] [pid 3544:tid 704] AH00418: Parent: Created child process 5048
